2023-03-19T14:10:37,160 [INFO ] main org.pytorch.serve.servingsdk.impl.PluginsManager -  Loading snapshot serializer plugin...
2023-03-19T14:10:37,160 [INFO ] main org.pytorch.serve.servingsdk.impl.PluginsManager -  Loading snapshot serializer plugin...
2023-03-19T14:10:37,216 [INFO ] main org.pytorch.serve.servingsdk.impl.PluginsManager - Initializing plugins manager...
2023-03-19T14:10:37,216 [INFO ] main org.pytorch.serve.servingsdk.impl.PluginsManager - Initializing plugins manager...
2023-03-19T14:10:37,292 [INFO ] main org.pytorch.serve.ModelServer - 
Torchserve version: 0.7.1
TS Home: /home/ziggy/miniconda3/envs/ts-testing/lib/python3.10/site-packages
Current directory: /home/ziggy/dev/trocr-serve
Temp directory: /tmp
Metrics config path: /home/ziggy/miniconda3/envs/ts-testing/lib/python3.10/site-packages/ts/configs/metrics.yaml
Number of GPUs: 0
Number of CPUs: 8
Max heap size: 3970 M
Python executable: /home/ziggy/miniconda3/envs/ts-testing/bin/python
Config file: logs/config/20230317111026377-shutdown.cfg
Inference address: http://127.0.0.1:8080
Management address: http://127.0.0.1:8081
Metrics address: http://127.0.0.1:8082
Model Store: /home/ziggy/dev/trocr-serve/models
Initial Models: all
Log dir: /home/ziggy/dev/trocr-serve/logs
Metrics dir: /home/ziggy/dev/trocr-serve/logs
Netty threads: 0
Netty client threads: 0
Default workers per model: 1
Blacklist Regex: N/A
Maximum Response Size: 6553500
Maximum Request Size: 6553500
Limit Maximum Image Pixels: true
Prefer direct buffer: false
Allowed Urls: [file://.*|http(s)?://.*]
Custom python dependency for model allowed: false
Metrics report format: prometheus
Enable metrics API: true
Workflow Store: /home/ziggy/dev/trocr-serve/models
Model config: N/A
2023-03-19T14:10:37,292 [INFO ] main org.pytorch.serve.ModelServer - 
Torchserve version: 0.7.1
TS Home: /home/ziggy/miniconda3/envs/ts-testing/lib/python3.10/site-packages
Current directory: /home/ziggy/dev/trocr-serve
Temp directory: /tmp
Metrics config path: /home/ziggy/miniconda3/envs/ts-testing/lib/python3.10/site-packages/ts/configs/metrics.yaml
Number of GPUs: 0
Number of CPUs: 8
Max heap size: 3970 M
Python executable: /home/ziggy/miniconda3/envs/ts-testing/bin/python
Config file: logs/config/20230317111026377-shutdown.cfg
Inference address: http://127.0.0.1:8080
Management address: http://127.0.0.1:8081
Metrics address: http://127.0.0.1:8082
Model Store: /home/ziggy/dev/trocr-serve/models
Initial Models: all
Log dir: /home/ziggy/dev/trocr-serve/logs
Metrics dir: /home/ziggy/dev/trocr-serve/logs
Netty threads: 0
Netty client threads: 0
Default workers per model: 1
Blacklist Regex: N/A
Maximum Response Size: 6553500
Maximum Request Size: 6553500
Limit Maximum Image Pixels: true
Prefer direct buffer: false
Allowed Urls: [file://.*|http(s)?://.*]
Custom python dependency for model allowed: false
Metrics report format: prometheus
Enable metrics API: true
Workflow Store: /home/ziggy/dev/trocr-serve/models
Model config: N/A
2023-03-19T14:10:37,307 [INFO ] main org.pytorch.serve.snapshot.SnapshotManager - Started restoring models from snapshot {
  "name": "20230317111026377-shutdown.cfg",
  "modelCount": 1,
  "created": 1679065826377,
  "models": {
    "trocr-handwritten": {
      "1.0": {
        "defaultVersion": true,
        "marName": "trocr-handwritten.mar",
        "minWorkers": 1,
        "maxWorkers": 1,
        "batchSize": 1,
        "maxBatchDelay": 100,
        "responseTimeout": 120
      }
    }
  }
}
2023-03-19T14:10:37,307 [INFO ] main org.pytorch.serve.snapshot.SnapshotManager - Started restoring models from snapshot {
  "name": "20230317111026377-shutdown.cfg",
  "modelCount": 1,
  "created": 1679065826377,
  "models": {
    "trocr-handwritten": {
      "1.0": {
        "defaultVersion": true,
        "marName": "trocr-handwritten.mar",
        "minWorkers": 1,
        "maxWorkers": 1,
        "batchSize": 1,
        "maxBatchDelay": 100,
        "responseTimeout": 120
      }
    }
  }
}
2023-03-19T14:10:37,320 [INFO ] main org.pytorch.serve.snapshot.SnapshotManager - Validating snapshot 20230317111026377-shutdown.cfg
2023-03-19T14:10:37,320 [INFO ] main org.pytorch.serve.snapshot.SnapshotManager - Validating snapshot 20230317111026377-shutdown.cfg
2023-03-19T14:10:37,321 [INFO ] main org.pytorch.serve.snapshot.SnapshotManager - Snapshot 20230317111026377-shutdown.cfg validated successfully
2023-03-19T14:10:37,321 [INFO ] main org.pytorch.serve.snapshot.SnapshotManager - Snapshot 20230317111026377-shutdown.cfg validated successfully
2023-03-19T14:10:37,344 [DEBUG] main org.pytorch.serve.wlm.ModelVersionedRefs - Adding new version 1.0 for model trocr-handwritten
2023-03-19T14:10:37,344 [DEBUG] main org.pytorch.serve.wlm.ModelVersionedRefs - Adding new version 1.0 for model trocr-handwritten
2023-03-19T14:10:37,345 [DEBUG] main org.pytorch.serve.wlm.ModelVersionedRefs - Setting default version to 1.0 for model trocr-handwritten
2023-03-19T14:10:37,345 [DEBUG] main org.pytorch.serve.wlm.ModelVersionedRefs - Setting default version to 1.0 for model trocr-handwritten
2023-03-19T14:10:37,345 [DEBUG] main org.pytorch.serve.wlm.ModelVersionedRefs - Setting default version to 1.0 for model trocr-handwritten
2023-03-19T14:10:37,345 [DEBUG] main org.pytorch.serve.wlm.ModelVersionedRefs - Setting default version to 1.0 for model trocr-handwritten
2023-03-19T14:10:37,346 [INFO ] main org.pytorch.serve.wlm.ModelManager - Model trocr-handwritten loaded.
2023-03-19T14:10:37,346 [INFO ] main org.pytorch.serve.wlm.ModelManager - Model trocr-handwritten loaded.
2023-03-19T14:10:37,346 [DEBUG] main org.pytorch.serve.wlm.ModelManager - updateModel: trocr-handwritten, count: 1
2023-03-19T14:10:37,346 [DEBUG] main org.pytorch.serve.wlm.ModelManager - updateModel: trocr-handwritten, count: 1
2023-03-19T14:10:37,358 [DEBUG] W-9000-trocr-handwritten_1.0 org.pytorch.serve.wlm.WorkerLifeCycle - Worker cmdline: [/home/ziggy/miniconda3/envs/ts-testing/bin/python, /home/ziggy/miniconda3/envs/ts-testing/lib/python3.10/site-packages/ts/model_service_worker.py, --sock-type, unix, --sock-name, /tmp/.ts.sock.9000, --metrics-config, /home/ziggy/miniconda3/envs/ts-testing/lib/python3.10/site-packages/ts/configs/metrics.yaml]
2023-03-19T14:10:37,358 [DEBUG] W-9000-trocr-handwritten_1.0 org.pytorch.serve.wlm.WorkerLifeCycle - Worker cmdline: [/home/ziggy/miniconda3/envs/ts-testing/bin/python, /home/ziggy/miniconda3/envs/ts-testing/lib/python3.10/site-packages/ts/model_service_worker.py, --sock-type, unix, --sock-name, /tmp/.ts.sock.9000, --metrics-config, /home/ziggy/miniconda3/envs/ts-testing/lib/python3.10/site-packages/ts/configs/metrics.yaml]
2023-03-19T14:10:37,360 [INFO ] main org.pytorch.serve.ModelServer - Initialize Inference server with: EpollServerSocketChannel.
2023-03-19T14:10:37,360 [INFO ] main org.pytorch.serve.ModelServer - Initialize Inference server with: EpollServerSocketChannel.
2023-03-19T14:10:37,465 [INFO ] main org.pytorch.serve.ModelServer - Inference API bind to: http://127.0.0.1:8080
2023-03-19T14:10:37,465 [INFO ] main org.pytorch.serve.ModelServer - Inference API bind to: http://127.0.0.1:8080
2023-03-19T14:10:37,466 [INFO ] main org.pytorch.serve.ModelServer - Initialize Management server with: EpollServerSocketChannel.
2023-03-19T14:10:37,466 [INFO ] main org.pytorch.serve.ModelServer - Initialize Management server with: EpollServerSocketChannel.
2023-03-19T14:10:37,467 [INFO ] main org.pytorch.serve.ModelServer - Management API bind to: http://127.0.0.1:8081
2023-03-19T14:10:37,467 [INFO ] main org.pytorch.serve.ModelServer - Management API bind to: http://127.0.0.1:8081
2023-03-19T14:10:37,468 [INFO ] main org.pytorch.serve.ModelServer - Initialize Metrics server with: EpollServerSocketChannel.
2023-03-19T14:10:37,468 [INFO ] main org.pytorch.serve.ModelServer - Initialize Metrics server with: EpollServerSocketChannel.
2023-03-19T14:10:37,469 [INFO ] main org.pytorch.serve.ModelServer - Metrics API bind to: http://127.0.0.1:8082
2023-03-19T14:10:37,469 [INFO ] main org.pytorch.serve.ModelServer - Metrics API bind to: http://127.0.0.1:8082
2023-03-19T14:10:37,743 [WARN ] pool-3-thread-1 org.pytorch.serve.metrics.MetricCollector - worker pid is not available yet.
2023-03-19T14:10:37,743 [WARN ] pool-3-thread-1 org.pytorch.serve.metrics.MetricCollector - worker pid is not available yet.
2023-03-19T14:10:37,815 [INFO ] pool-3-thread-1 TS_METRICS - CPUUtilization.Percent:0.0|#Level:Host|#hostname:ziggy-ThinkPad-T480,timestamp:1679249437
2023-03-19T14:10:37,817 [INFO ] pool-3-thread-1 TS_METRICS - DiskAvailable.Gigabytes:319.7730293273926|#Level:Host|#hostname:ziggy-ThinkPad-T480,timestamp:1679249437
2023-03-19T14:10:37,817 [INFO ] pool-3-thread-1 TS_METRICS - DiskUsage.Gigabytes:548.9840507507324|#Level:Host|#hostname:ziggy-ThinkPad-T480,timestamp:1679249437
2023-03-19T14:10:37,818 [INFO ] pool-3-thread-1 TS_METRICS - DiskUtilization.Percent:63.2|#Level:Host|#hostname:ziggy-ThinkPad-T480,timestamp:1679249437
2023-03-19T14:10:37,818 [INFO ] pool-3-thread-1 TS_METRICS - MemoryAvailable.Megabytes:9323.75390625|#Level:Host|#hostname:ziggy-ThinkPad-T480,timestamp:1679249437
2023-03-19T14:10:37,818 [INFO ] pool-3-thread-1 TS_METRICS - MemoryUsed.Megabytes:4889.890625|#Level:Host|#hostname:ziggy-ThinkPad-T480,timestamp:1679249437
2023-03-19T14:10:37,819 [INFO ] pool-3-thread-1 TS_METRICS - MemoryUtilization.Percent:41.3|#Level:Host|#hostname:ziggy-ThinkPad-T480,timestamp:1679249437
2023-03-19T14:10:39,491 [INFO ] W-9000-trocr-handwritten_1.0-stdout MODEL_LOG - Listening on port: /tmp/.ts.sock.9000
2023-03-19T14:10:39,495 [INFO ] W-9000-trocr-handwritten_1.0-stdout MODEL_LOG - Successfully loaded /home/ziggy/miniconda3/envs/ts-testing/lib/python3.10/site-packages/ts/configs/metrics.yaml.
2023-03-19T14:10:39,495 [INFO ] W-9000-trocr-handwritten_1.0-stdout MODEL_LOG - [PID]154203
2023-03-19T14:10:39,496 [INFO ] W-9000-trocr-handwritten_1.0-stdout MODEL_LOG - Torch worker started.
2023-03-19T14:10:39,496 [INFO ] W-9000-trocr-handwritten_1.0-stdout MODEL_LOG - Python runtime: 3.10.9
2023-03-19T14:10:39,496 [DEBUG] W-9000-trocr-handwritten_1.0 org.pytorch.serve.wlm.WorkerThread - W-9000-trocr-handwritten_1.0 State change null -> WORKER_STARTED
2023-03-19T14:10:39,496 [DEBUG] W-9000-trocr-handwritten_1.0 org.pytorch.serve.wlm.WorkerThread - W-9000-trocr-handwritten_1.0 State change null -> WORKER_STARTED
2023-03-19T14:10:39,511 [INFO ] W-9000-trocr-handwritten_1.0 org.pytorch.serve.wlm.WorkerThread - Connecting to: /tmp/.ts.sock.9000
2023-03-19T14:10:39,511 [INFO ] W-9000-trocr-handwritten_1.0 org.pytorch.serve.wlm.WorkerThread - Connecting to: /tmp/.ts.sock.9000
2023-03-19T14:10:39,524 [INFO ] W-9000-trocr-handwritten_1.0-stdout MODEL_LOG - Connection accepted: /tmp/.ts.sock.9000.
2023-03-19T14:10:39,527 [INFO ] W-9000-trocr-handwritten_1.0 org.pytorch.serve.wlm.WorkerThread - Flushing req. to backend at: 1679249439527
2023-03-19T14:10:39,527 [INFO ] W-9000-trocr-handwritten_1.0 org.pytorch.serve.wlm.WorkerThread - Flushing req. to backend at: 1679249439527
2023-03-19T14:10:39,561 [INFO ] W-9000-trocr-handwritten_1.0-stdout MODEL_LOG - model_name: trocr-handwritten, batchSize: 1
2023-03-19T14:10:40,245 [WARN ] W-9000-trocr-handwritten_1.0-stderr MODEL_LOG - Could not find image processor class in the image processor config or the model config. Loading based on pattern matching with the model's feature extractor configuration.
2023-03-19T14:10:47,374 [WARN ] W-9000-trocr-handwritten_1.0-stderr MODEL_LOG - Some weights of VisionEncoderDecoderModel were not initialized from the model checkpoint at microsoft/trocr-base-handwritten and are newly initialized: ['encoder.pooler.dense.bias', 'encoder.pooler.dense.weight']
2023-03-19T14:10:47,375 [WARN ] W-9000-trocr-handwritten_1.0-stderr MODEL_LOG - You should probably TRAIN this model on a down-stream task to be able to use it for predictions and inference.
2023-03-19T14:10:47,622 [INFO ] W-9000-trocr-handwritten_1.0 org.pytorch.serve.wlm.WorkerThread - Backend response time: 8060
2023-03-19T14:10:47,622 [INFO ] W-9000-trocr-handwritten_1.0 org.pytorch.serve.wlm.WorkerThread - Backend response time: 8060
2023-03-19T14:10:47,622 [DEBUG] W-9000-trocr-handwritten_1.0 org.pytorch.serve.wlm.WorkerThread - W-9000-trocr-handwritten_1.0 State change WORKER_STARTED -> WORKER_MODEL_LOADED
2023-03-19T14:10:47,622 [DEBUG] W-9000-trocr-handwritten_1.0 org.pytorch.serve.wlm.WorkerThread - W-9000-trocr-handwritten_1.0 State change WORKER_STARTED -> WORKER_MODEL_LOADED
2023-03-19T14:10:47,623 [INFO ] W-9000-trocr-handwritten_1.0 TS_METRICS - W-9000-trocr-handwritten_1.0.ms:10269|#Level:Host|#hostname:ziggy-ThinkPad-T480,timestamp:1679249447
2023-03-19T14:10:47,623 [INFO ] W-9000-trocr-handwritten_1.0 TS_METRICS - WorkerThreadTime.ms:36|#Level:Host|#hostname:ziggy-ThinkPad-T480,timestamp:1679249447
2023-03-19T14:10:50,411 [INFO ] epollEventLoopGroup-3-1 ACCESS_LOG - /127.0.0.1:48720 "GET / HTTP/1.1" 405 4
2023-03-19T14:10:50,413 [INFO ] epollEventLoopGroup-3-1 TS_METRICS - Requests4XX.Count:1|#Level:Host|#hostname:ziggy-ThinkPad-T480,timestamp:1679249450
2023-03-19T14:10:56,794 [INFO ] epollEventLoopGroup-3-2 ACCESS_LOG - /127.0.0.1:48724 "GET /version?timeout=5s HTTP/1.1" 404 0
2023-03-19T14:10:56,796 [INFO ] epollEventLoopGroup-3-2 TS_METRICS - Requests4XX.Count:1|#Level:Host|#hostname:ziggy-ThinkPad-T480,timestamp:1679249450
2023-03-19T14:11:04,271 [INFO ] epollEventLoopGroup-3-3 ACCESS_LOG - /127.0.0.1:57970 "GET /models HTTP/1.1" 404 0
2023-03-19T14:11:04,272 [INFO ] epollEventLoopGroup-3-3 TS_METRICS - Requests4XX.Count:1|#Level:Host|#hostname:ziggy-ThinkPad-T480,timestamp:1679249450
2023-03-19T14:11:37,796 [INFO ] pool-3-thread-1 TS_METRICS - CPUUtilization.Percent:0.0|#Level:Host|#hostname:ziggy-ThinkPad-T480,timestamp:1679249497
2023-03-19T14:11:37,797 [INFO ] pool-3-thread-1 TS_METRICS - DiskAvailable.Gigabytes:319.7732162475586|#Level:Host|#hostname:ziggy-ThinkPad-T480,timestamp:1679249497
2023-03-19T14:11:37,797 [INFO ] pool-3-thread-1 TS_METRICS - DiskUsage.Gigabytes:548.9838638305664|#Level:Host|#hostname:ziggy-ThinkPad-T480,timestamp:1679249497
2023-03-19T14:11:37,797 [INFO ] pool-3-thread-1 TS_METRICS - DiskUtilization.Percent:63.2|#Level:Host|#hostname:ziggy-ThinkPad-T480,timestamp:1679249497
2023-03-19T14:11:37,797 [INFO ] pool-3-thread-1 TS_METRICS - MemoryAvailable.Megabytes:7510.9296875|#Level:Host|#hostname:ziggy-ThinkPad-T480,timestamp:1679249497
2023-03-19T14:11:37,798 [INFO ] pool-3-thread-1 TS_METRICS - MemoryUsed.Megabytes:6677.24609375|#Level:Host|#hostname:ziggy-ThinkPad-T480,timestamp:1679249497
2023-03-19T14:11:37,798 [INFO ] pool-3-thread-1 TS_METRICS - MemoryUtilization.Percent:52.7|#Level:Host|#hostname:ziggy-ThinkPad-T480,timestamp:1679249497
2023-03-19T14:11:56,929 [INFO ] epollEventLoopGroup-3-4 ACCESS_LOG - /127.0.0.1:54916 "GET /version?timeout=5s HTTP/1.1" 404 0
2023-03-19T14:11:56,930 [INFO ] epollEventLoopGroup-3-4 TS_METRICS - Requests4XX.Count:1|#Level:Host|#hostname:ziggy-ThinkPad-T480,timestamp:1679249450
2023-03-19T14:12:37,821 [INFO ] pool-3-thread-1 TS_METRICS - CPUUtilization.Percent:50.0|#Level:Host|#hostname:ziggy-ThinkPad-T480,timestamp:1679249557
2023-03-19T14:12:37,821 [INFO ] pool-3-thread-1 TS_METRICS - DiskAvailable.Gigabytes:319.7731475830078|#Level:Host|#hostname:ziggy-ThinkPad-T480,timestamp:1679249557
2023-03-19T14:12:37,821 [INFO ] pool-3-thread-1 TS_METRICS - DiskUsage.Gigabytes:548.9839324951172|#Level:Host|#hostname:ziggy-ThinkPad-T480,timestamp:1679249557
2023-03-19T14:12:37,821 [INFO ] pool-3-thread-1 TS_METRICS - DiskUtilization.Percent:63.2|#Level:Host|#hostname:ziggy-ThinkPad-T480,timestamp:1679249557
2023-03-19T14:12:37,821 [INFO ] pool-3-thread-1 TS_METRICS - MemoryAvailable.Megabytes:7506.75|#Level:Host|#hostname:ziggy-ThinkPad-T480,timestamp:1679249557
2023-03-19T14:12:37,822 [INFO ] pool-3-thread-1 TS_METRICS - MemoryUsed.Megabytes:6672.796875|#Level:Host|#hostname:ziggy-ThinkPad-T480,timestamp:1679249557
2023-03-19T14:12:37,822 [INFO ] pool-3-thread-1 TS_METRICS - MemoryUtilization.Percent:52.7|#Level:Host|#hostname:ziggy-ThinkPad-T480,timestamp:1679249557
2023-03-19T14:12:57,022 [INFO ] epollEventLoopGroup-3-5 ACCESS_LOG - /127.0.0.1:40606 "GET /version?timeout=5s HTTP/1.1" 404 0
2023-03-19T14:12:57,023 [INFO ] epollEventLoopGroup-3-5 TS_METRICS - Requests4XX.Count:1|#Level:Host|#hostname:ziggy-ThinkPad-T480,timestamp:1679249450
2023-03-19T14:13:37,807 [INFO ] pool-3-thread-1 TS_METRICS - CPUUtilization.Percent:66.7|#Level:Host|#hostname:ziggy-ThinkPad-T480,timestamp:1679249617
2023-03-19T14:13:37,807 [INFO ] pool-3-thread-1 TS_METRICS - DiskAvailable.Gigabytes:319.7731056213379|#Level:Host|#hostname:ziggy-ThinkPad-T480,timestamp:1679249617
2023-03-19T14:13:37,807 [INFO ] pool-3-thread-1 TS_METRICS - DiskUsage.Gigabytes:548.9839744567871|#Level:Host|#hostname:ziggy-ThinkPad-T480,timestamp:1679249617
2023-03-19T14:13:37,808 [INFO ] pool-3-thread-1 TS_METRICS - DiskUtilization.Percent:63.2|#Level:Host|#hostname:ziggy-ThinkPad-T480,timestamp:1679249617
2023-03-19T14:13:37,808 [INFO ] pool-3-thread-1 TS_METRICS - MemoryAvailable.Megabytes:7495.21875|#Level:Host|#hostname:ziggy-ThinkPad-T480,timestamp:1679249617
2023-03-19T14:13:37,808 [INFO ] pool-3-thread-1 TS_METRICS - MemoryUsed.Megabytes:6638.4375|#Level:Host|#hostname:ziggy-ThinkPad-T480,timestamp:1679249617
2023-03-19T14:13:37,808 [INFO ] pool-3-thread-1 TS_METRICS - MemoryUtilization.Percent:52.8|#Level:Host|#hostname:ziggy-ThinkPad-T480,timestamp:1679249617
2023-03-19T14:14:37,829 [INFO ] pool-3-thread-1 TS_METRICS - CPUUtilization.Percent:50.0|#Level:Host|#hostname:ziggy-ThinkPad-T480,timestamp:1679249677
2023-03-19T14:14:37,829 [INFO ] pool-3-thread-1 TS_METRICS - DiskAvailable.Gigabytes:319.7684440612793|#Level:Host|#hostname:ziggy-ThinkPad-T480,timestamp:1679249677
2023-03-19T14:14:37,830 [INFO ] pool-3-thread-1 TS_METRICS - DiskUsage.Gigabytes:548.9886360168457|#Level:Host|#hostname:ziggy-ThinkPad-T480,timestamp:1679249677
2023-03-19T14:14:37,830 [INFO ] pool-3-thread-1 TS_METRICS - DiskUtilization.Percent:63.2|#Level:Host|#hostname:ziggy-ThinkPad-T480,timestamp:1679249677
2023-03-19T14:14:37,830 [INFO ] pool-3-thread-1 TS_METRICS - MemoryAvailable.Megabytes:7553.19140625|#Level:Host|#hostname:ziggy-ThinkPad-T480,timestamp:1679249677
2023-03-19T14:14:37,830 [INFO ] pool-3-thread-1 TS_METRICS - MemoryUsed.Megabytes:6615.44921875|#Level:Host|#hostname:ziggy-ThinkPad-T480,timestamp:1679249677
2023-03-19T14:14:37,831 [INFO ] pool-3-thread-1 TS_METRICS - MemoryUtilization.Percent:52.4|#Level:Host|#hostname:ziggy-ThinkPad-T480,timestamp:1679249677
2023-03-19T14:14:59,180 [INFO ] epollEventLoopGroup-3-6 ACCESS_LOG - /127.0.0.1:39230 "GET / HTTP/1.1" 405 1
2023-03-19T14:14:59,181 [INFO ] epollEventLoopGroup-3-6 TS_METRICS - Requests4XX.Count:1|#Level:Host|#hostname:ziggy-ThinkPad-T480,timestamp:1679249450
2023-03-19T14:15:05,591 [INFO ] epollEventLoopGroup-3-7 ACCESS_LOG - /127.0.0.1:42768 "GET /models HTTP/1.1" 404 0
2023-03-19T14:15:05,591 [INFO ] epollEventLoopGroup-3-7 TS_METRICS - Requests4XX.Count:1|#Level:Host|#hostname:ziggy-ThinkPad-T480,timestamp:1679249450
2023-03-19T14:15:10,328 [INFO ] epollEventLoopGroup-3-8 ACCESS_LOG - /127.0.0.1:43694 "GET /model HTTP/1.1" 404 0
2023-03-19T14:15:10,329 [INFO ] epollEventLoopGroup-3-8 TS_METRICS - Requests4XX.Count:1|#Level:Host|#hostname:ziggy-ThinkPad-T480,timestamp:1679249450
2023-03-19T14:15:37,796 [INFO ] pool-3-thread-1 TS_METRICS - CPUUtilization.Percent:0.0|#Level:Host|#hostname:ziggy-ThinkPad-T480,timestamp:1679249737
2023-03-19T14:15:37,796 [INFO ] pool-3-thread-1 TS_METRICS - DiskAvailable.Gigabytes:319.7683906555176|#Level:Host|#hostname:ziggy-ThinkPad-T480,timestamp:1679249737
2023-03-19T14:15:37,796 [INFO ] pool-3-thread-1 TS_METRICS - DiskUsage.Gigabytes:548.9886894226074|#Level:Host|#hostname:ziggy-ThinkPad-T480,timestamp:1679249737
2023-03-19T14:15:37,797 [INFO ] pool-3-thread-1 TS_METRICS - DiskUtilization.Percent:63.2|#Level:Host|#hostname:ziggy-ThinkPad-T480,timestamp:1679249737
2023-03-19T14:15:37,797 [INFO ] pool-3-thread-1 TS_METRICS - MemoryAvailable.Megabytes:7500.21484375|#Level:Host|#hostname:ziggy-ThinkPad-T480,timestamp:1679249737
2023-03-19T14:15:37,797 [INFO ] pool-3-thread-1 TS_METRICS - MemoryUsed.Megabytes:6650.02734375|#Level:Host|#hostname:ziggy-ThinkPad-T480,timestamp:1679249737
2023-03-19T14:15:37,797 [INFO ] pool-3-thread-1 TS_METRICS - MemoryUtilization.Percent:52.8|#Level:Host|#hostname:ziggy-ThinkPad-T480,timestamp:1679249737
2023-03-19T14:15:57,064 [INFO ] epollEventLoopGroup-3-9 ACCESS_LOG - /127.0.0.1:47868 "OPTIONS / HTTP/1.1" 200 13
2023-03-19T14:15:57,065 [INFO ] epollEventLoopGroup-3-9 TS_METRICS - Requests2XX.Count:1|#Level:Host|#hostname:ziggy-ThinkPad-T480,timestamp:1679249450
2023-03-19T14:16:27,305 [INFO ] pool-2-thread-2 ACCESS_LOG - /127.0.0.1:44692 "GET /ping HTTP/1.1" 200 3
2023-03-19T14:16:27,306 [INFO ] pool-2-thread-2 TS_METRICS - Requests2XX.Count:1|#Level:Host|#hostname:ziggy-ThinkPad-T480,timestamp:1679249450
2023-03-19T14:16:37,800 [INFO ] pool-3-thread-2 TS_METRICS - CPUUtilization.Percent:0.0|#Level:Host|#hostname:ziggy-ThinkPad-T480,timestamp:1679249797
2023-03-19T14:16:37,800 [INFO ] pool-3-thread-2 TS_METRICS - DiskAvailable.Gigabytes:319.7683639526367|#Level:Host|#hostname:ziggy-ThinkPad-T480,timestamp:1679249797
2023-03-19T14:16:37,801 [INFO ] pool-3-thread-2 TS_METRICS - DiskUsage.Gigabytes:548.9887161254883|#Level:Host|#hostname:ziggy-ThinkPad-T480,timestamp:1679249797
2023-03-19T14:16:37,801 [INFO ] pool-3-thread-2 TS_METRICS - DiskUtilization.Percent:63.2|#Level:Host|#hostname:ziggy-ThinkPad-T480,timestamp:1679249797
2023-03-19T14:16:37,801 [INFO ] pool-3-thread-2 TS_METRICS - MemoryAvailable.Megabytes:7613.76171875|#Level:Host|#hostname:ziggy-ThinkPad-T480,timestamp:1679249797
2023-03-19T14:16:37,801 [INFO ] pool-3-thread-2 TS_METRICS - MemoryUsed.Megabytes:6643.99609375|#Level:Host|#hostname:ziggy-ThinkPad-T480,timestamp:1679249797
2023-03-19T14:16:37,801 [INFO ] pool-3-thread-2 TS_METRICS - MemoryUtilization.Percent:52.1|#Level:Host|#hostname:ziggy-ThinkPad-T480,timestamp:1679249797
2023-03-19T14:17:03,109 [INFO ] epollEventLoopGroup-3-11 ACCESS_LOG - /127.0.0.1:44086 "GET /predictions/trocr-handwritten/v1 HTTP/1.1" 404 9
2023-03-19T14:17:03,110 [INFO ] epollEventLoopGroup-3-11 TS_METRICS - Requests4XX.Count:1|#Level:Host|#hostname:ziggy-ThinkPad-T480,timestamp:1679249450
2023-03-19T14:17:06,784 [INFO ] epollEventLoopGroup-3-12 ACCESS_LOG - /127.0.0.1:44088 "GET /predictions/trocr-handwritten/v1.0 HTTP/1.1" 404 1
2023-03-19T14:17:06,785 [INFO ] epollEventLoopGroup-3-12 TS_METRICS - Requests4XX.Count:1|#Level:Host|#hostname:ziggy-ThinkPad-T480,timestamp:1679249450
2023-03-19T14:17:37,803 [INFO ] pool-3-thread-2 TS_METRICS - CPUUtilization.Percent:0.0|#Level:Host|#hostname:ziggy-ThinkPad-T480,timestamp:1679249857
2023-03-19T14:17:37,803 [INFO ] pool-3-thread-2 TS_METRICS - DiskAvailable.Gigabytes:319.7646293640137|#Level:Host|#hostname:ziggy-ThinkPad-T480,timestamp:1679249857
2023-03-19T14:17:37,803 [INFO ] pool-3-thread-2 TS_METRICS - DiskUsage.Gigabytes:548.9924507141113|#Level:Host|#hostname:ziggy-ThinkPad-T480,timestamp:1679249857
2023-03-19T14:17:37,804 [INFO ] pool-3-thread-2 TS_METRICS - DiskUtilization.Percent:63.2|#Level:Host|#hostname:ziggy-ThinkPad-T480,timestamp:1679249857
2023-03-19T14:17:37,804 [INFO ] pool-3-thread-2 TS_METRICS - MemoryAvailable.Megabytes:7548.40625|#Level:Host|#hostname:ziggy-ThinkPad-T480,timestamp:1679249857
2023-03-19T14:17:37,804 [INFO ] pool-3-thread-2 TS_METRICS - MemoryUsed.Megabytes:6686.3203125|#Level:Host|#hostname:ziggy-ThinkPad-T480,timestamp:1679249857
2023-03-19T14:17:37,804 [INFO ] pool-3-thread-2 TS_METRICS - MemoryUtilization.Percent:52.5|#Level:Host|#hostname:ziggy-ThinkPad-T480,timestamp:1679249857
2023-03-19T14:17:45,026 [INFO ] epollEventLoopGroup-3-13 ACCESS_LOG - /127.0.0.1:39452 "GET /predictions/trocr-handwritten/1 HTTP/1.1" 404 0
2023-03-19T14:17:45,027 [INFO ] epollEventLoopGroup-3-13 TS_METRICS - Requests4XX.Count:1|#Level:Host|#hostname:ziggy-ThinkPad-T480,timestamp:1679249450
2023-03-19T14:17:48,235 [INFO ] W-9000-trocr-handwritten_1.0 org.pytorch.serve.wlm.WorkerThread - Flushing req. to backend at: 1679249868235
2023-03-19T14:17:48,235 [INFO ] W-9000-trocr-handwritten_1.0 org.pytorch.serve.wlm.WorkerThread - Flushing req. to backend at: 1679249868235
2023-03-19T14:17:48,237 [INFO ] W-9000-trocr-handwritten_1.0-stdout MODEL_LOG - Backend received inference at: 1679249868
2023-03-19T14:17:48,238 [INFO ] W-9000-trocr-handwritten_1.0-stdout MODEL_LOG - Invoking custom service failed.
2023-03-19T14:17:48,238 [INFO ] W-9000-trocr-handwritten_1.0-stdout MODEL_LOG - Traceback (most recent call last):
2023-03-19T14:17:48,238 [INFO ] W-9000-trocr-handwritten_1.0-stdout MODEL_LOG -   File "/home/ziggy/miniconda3/envs/ts-testing/lib/python3.10/site-packages/ts/service.py", line 120, in predict
2023-03-19T14:17:48,238 [INFO ] W-9000-trocr-handwritten_1.0-stdout MODEL_LOG -     ret = self._entry_point(input_batch, self.context)
2023-03-19T14:17:48,238 [INFO ] W-9000-trocr-handwritten_1.0-stdout MODEL_LOG -   File "/tmp/models/94f835913c93475297dcea6e5bcbdc0b/handler.py", line 119, in handle
2023-03-19T14:17:48,238 [INFO ] W-9000-trocr-handwritten_1.0 org.pytorch.serve.wlm.WorkerThread - Backend response time: 1
2023-03-19T14:17:48,238 [INFO ] W-9000-trocr-handwritten_1.0-stdout MODEL_LOG -     model_input = self.preprocess(data)
2023-03-19T14:17:48,238 [INFO ] W-9000-trocr-handwritten_1.0 org.pytorch.serve.wlm.WorkerThread - Backend response time: 1
2023-03-19T14:17:48,239 [INFO ] W-9000-trocr-handwritten_1.0-stdout MODEL_LOG -   File "/tmp/models/94f835913c93475297dcea6e5bcbdc0b/handler.py", line 85, in preprocess
2023-03-19T14:17:48,239 [INFO ] W-9000-trocr-handwritten_1.0-stdout MODEL_LOG -     url_str = raw_data.decode("utf-8")
2023-03-19T14:17:48,239 [INFO ] W-9000-trocr-handwritten_1.0 ACCESS_LOG - /127.0.0.1:39458 "GET /predictions/trocr-handwritten/1.0 HTTP/1.1" 503 5
2023-03-19T14:17:48,239 [INFO ] W-9000-trocr-handwritten_1.0-stdout MODEL_LOG - AttributeError: 'NoneType' object has no attribute 'decode'
2023-03-19T14:17:48,239 [INFO ] W-9000-trocr-handwritten_1.0 TS_METRICS - Requests5XX.Count:1|#Level:Host|#hostname:ziggy-ThinkPad-T480,timestamp:1679249450
2023-03-19T14:17:48,240 [DEBUG] W-9000-trocr-handwritten_1.0 org.pytorch.serve.job.Job - Waiting time ns: 167204, Inference time ns: 5293083
2023-03-19T14:17:48,240 [DEBUG] W-9000-trocr-handwritten_1.0 org.pytorch.serve.job.Job - Waiting time ns: 167204, Inference time ns: 5293083
2023-03-19T14:17:48,240 [INFO ] W-9000-trocr-handwritten_1.0 TS_METRICS - WorkerThreadTime.ms:4|#Level:Host|#hostname:ziggy-ThinkPad-T480,timestamp:1679249868
2023-03-19T14:18:01,304 [INFO ] W-9000-trocr-handwritten_1.0 org.pytorch.serve.wlm.WorkerThread - Flushing req. to backend at: 1679249881304
2023-03-19T14:18:01,304 [INFO ] W-9000-trocr-handwritten_1.0 org.pytorch.serve.wlm.WorkerThread - Flushing req. to backend at: 1679249881304
2023-03-19T14:18:01,305 [INFO ] W-9000-trocr-handwritten_1.0-stdout MODEL_LOG - Backend received inference at: 1679249881
2023-03-19T14:18:01,305 [INFO ] W-9000-trocr-handwritten_1.0-stdout MODEL_LOG - Invoking custom service failed.
2023-03-19T14:18:01,306 [INFO ] W-9000-trocr-handwritten_1.0-stdout MODEL_LOG - Traceback (most recent call last):
2023-03-19T14:18:01,306 [INFO ] W-9000-trocr-handwritten_1.0 org.pytorch.serve.wlm.WorkerThread - Backend response time: 1
2023-03-19T14:18:01,306 [INFO ] W-9000-trocr-handwritten_1.0 org.pytorch.serve.wlm.WorkerThread - Backend response time: 1
2023-03-19T14:18:01,306 [INFO ] W-9000-trocr-handwritten_1.0-stdout MODEL_LOG -   File "/home/ziggy/miniconda3/envs/ts-testing/lib/python3.10/site-packages/ts/service.py", line 120, in predict
2023-03-19T14:18:01,306 [INFO ] W-9000-trocr-handwritten_1.0-stdout MODEL_LOG -     ret = self._entry_point(input_batch, self.context)
2023-03-19T14:18:01,306 [INFO ] W-9000-trocr-handwritten_1.0 ACCESS_LOG - /127.0.0.1:44412 "POST /predictions/trocr-handwritten/1.0 HTTP/1.1" 503 2
2023-03-19T14:18:01,306 [INFO ] W-9000-trocr-handwritten_1.0-stdout MODEL_LOG -   File "/tmp/models/94f835913c93475297dcea6e5bcbdc0b/handler.py", line 119, in handle
2023-03-19T14:18:01,306 [INFO ] W-9000-trocr-handwritten_1.0 TS_METRICS - Requests5XX.Count:1|#Level:Host|#hostname:ziggy-ThinkPad-T480,timestamp:1679249450
2023-03-19T14:18:01,306 [INFO ] W-9000-trocr-handwritten_1.0-stdout MODEL_LOG -     model_input = self.preprocess(data)
2023-03-19T14:18:01,307 [INFO ] W-9000-trocr-handwritten_1.0-stdout MODEL_LOG -   File "/tmp/models/94f835913c93475297dcea6e5bcbdc0b/handler.py", line 85, in preprocess
2023-03-19T14:18:01,307 [DEBUG] W-9000-trocr-handwritten_1.0 org.pytorch.serve.job.Job - Waiting time ns: 108522, Inference time ns: 2732088
2023-03-19T14:18:01,307 [DEBUG] W-9000-trocr-handwritten_1.0 org.pytorch.serve.job.Job - Waiting time ns: 108522, Inference time ns: 2732088
2023-03-19T14:18:01,307 [INFO ] W-9000-trocr-handwritten_1.0-stdout MODEL_LOG -     url_str = raw_data.decode("utf-8")
2023-03-19T14:18:01,307 [INFO ] W-9000-trocr-handwritten_1.0-stdout MODEL_LOG - AttributeError: 'NoneType' object has no attribute 'decode'
2023-03-19T14:18:01,307 [INFO ] W-9000-trocr-handwritten_1.0 TS_METRICS - WorkerThreadTime.ms:2|#Level:Host|#hostname:ziggy-ThinkPad-T480,timestamp:1679249881
2023-03-19T14:18:37,806 [INFO ] pool-3-thread-2 TS_METRICS - CPUUtilization.Percent:0.0|#Level:Host|#hostname:ziggy-ThinkPad-T480,timestamp:1679249917
2023-03-19T14:18:37,807 [INFO ] pool-3-thread-2 TS_METRICS - DiskAvailable.Gigabytes:319.76456451416016|#Level:Host|#hostname:ziggy-ThinkPad-T480,timestamp:1679249917
2023-03-19T14:18:37,807 [INFO ] pool-3-thread-2 TS_METRICS - DiskUsage.Gigabytes:548.9925155639648|#Level:Host|#hostname:ziggy-ThinkPad-T480,timestamp:1679249917
2023-03-19T14:18:37,807 [INFO ] pool-3-thread-2 TS_METRICS - DiskUtilization.Percent:63.2|#Level:Host|#hostname:ziggy-ThinkPad-T480,timestamp:1679249917
2023-03-19T14:18:37,807 [INFO ] pool-3-thread-2 TS_METRICS - MemoryAvailable.Megabytes:7469.34765625|#Level:Host|#hostname:ziggy-ThinkPad-T480,timestamp:1679249917
2023-03-19T14:18:37,807 [INFO ] pool-3-thread-2 TS_METRICS - MemoryUsed.Megabytes:6739.0390625|#Level:Host|#hostname:ziggy-ThinkPad-T480,timestamp:1679249917
2023-03-19T14:18:37,807 [INFO ] pool-3-thread-2 TS_METRICS - MemoryUtilization.Percent:53.0|#Level:Host|#hostname:ziggy-ThinkPad-T480,timestamp:1679249917
2023-03-19T14:19:37,794 [INFO ] pool-3-thread-2 TS_METRICS - CPUUtilization.Percent:0.0|#Level:Host|#hostname:ziggy-ThinkPad-T480,timestamp:1679249977
2023-03-19T14:19:37,794 [INFO ] pool-3-thread-2 TS_METRICS - DiskAvailable.Gigabytes:319.7626037597656|#Level:Host|#hostname:ziggy-ThinkPad-T480,timestamp:1679249977
2023-03-19T14:19:37,794 [INFO ] pool-3-thread-2 TS_METRICS - DiskUsage.Gigabytes:548.9944763183594|#Level:Host|#hostname:ziggy-ThinkPad-T480,timestamp:1679249977
2023-03-19T14:19:37,794 [INFO ] pool-3-thread-2 TS_METRICS - DiskUtilization.Percent:63.2|#Level:Host|#hostname:ziggy-ThinkPad-T480,timestamp:1679249977
2023-03-19T14:19:37,794 [INFO ] pool-3-thread-2 TS_METRICS - MemoryAvailable.Megabytes:6058.953125|#Level:Host|#hostname:ziggy-ThinkPad-T480,timestamp:1679249977
2023-03-19T14:19:37,794 [INFO ] pool-3-thread-2 TS_METRICS - MemoryUsed.Megabytes:8101.6953125|#Level:Host|#hostname:ziggy-ThinkPad-T480,timestamp:1679249977
2023-03-19T14:19:37,794 [INFO ] pool-3-thread-2 TS_METRICS - MemoryUtilization.Percent:61.8|#Level:Host|#hostname:ziggy-ThinkPad-T480,timestamp:1679249977
2023-03-19T14:20:37,799 [INFO ] pool-3-thread-1 TS_METRICS - CPUUtilization.Percent:0.0|#Level:Host|#hostname:ziggy-ThinkPad-T480,timestamp:1679250037
2023-03-19T14:20:37,799 [INFO ] pool-3-thread-1 TS_METRICS - DiskAvailable.Gigabytes:319.7593765258789|#Level:Host|#hostname:ziggy-ThinkPad-T480,timestamp:1679250037
2023-03-19T14:20:37,799 [INFO ] pool-3-thread-1 TS_METRICS - DiskUsage.Gigabytes:548.9977035522461|#Level:Host|#hostname:ziggy-ThinkPad-T480,timestamp:1679250037
2023-03-19T14:20:37,800 [INFO ] pool-3-thread-1 TS_METRICS - DiskUtilization.Percent:63.2|#Level:Host|#hostname:ziggy-ThinkPad-T480,timestamp:1679250037
2023-03-19T14:20:37,800 [INFO ] pool-3-thread-1 TS_METRICS - MemoryAvailable.Megabytes:5095.50390625|#Level:Host|#hostname:ziggy-ThinkPad-T480,timestamp:1679250037
2023-03-19T14:20:37,800 [INFO ] pool-3-thread-1 TS_METRICS - MemoryUsed.Megabytes:8942.1640625|#Level:Host|#hostname:ziggy-ThinkPad-T480,timestamp:1679250037
2023-03-19T14:20:37,800 [INFO ] pool-3-thread-1 TS_METRICS - MemoryUtilization.Percent:67.9|#Level:Host|#hostname:ziggy-ThinkPad-T480,timestamp:1679250037
2023-03-19T14:21:26,309 [INFO ] W-9000-trocr-handwritten_1.0 org.pytorch.serve.wlm.WorkerThread - Flushing req. to backend at: 1679250086309
2023-03-19T14:21:26,309 [INFO ] W-9000-trocr-handwritten_1.0 org.pytorch.serve.wlm.WorkerThread - Flushing req. to backend at: 1679250086309
2023-03-19T14:21:26,310 [INFO ] W-9000-trocr-handwritten_1.0-stdout MODEL_LOG - Backend received inference at: 1679250086
2023-03-19T14:21:26,311 [INFO ] W-9000-trocr-handwritten_1.0 org.pytorch.serve.wlm.WorkerThread - Backend response time: 1
2023-03-19T14:21:26,311 [INFO ] W-9000-trocr-handwritten_1.0 org.pytorch.serve.wlm.WorkerThread - Backend response time: 1
2023-03-19T14:21:26,311 [INFO ] W-9000-trocr-handwritten_1.0-stdout MODEL_LOG - Invoking custom service failed.
2023-03-19T14:21:26,311 [INFO ] W-9000-trocr-handwritten_1.0-stdout MODEL_LOG - Traceback (most recent call last):
2023-03-19T14:21:26,311 [INFO ] W-9000-trocr-handwritten_1.0 ACCESS_LOG - /127.0.0.1:49310 "POST /predictions/trocr-handwritten/1.0 HTTP/1.1" 503 2
2023-03-19T14:21:26,311 [INFO ] W-9000-trocr-handwritten_1.0-stdout MODEL_LOG -   File "/home/ziggy/miniconda3/envs/ts-testing/lib/python3.10/site-packages/ts/service.py", line 120, in predict
2023-03-19T14:21:26,311 [INFO ] W-9000-trocr-handwritten_1.0 TS_METRICS - Requests5XX.Count:1|#Level:Host|#hostname:ziggy-ThinkPad-T480,timestamp:1679249450
2023-03-19T14:21:26,311 [INFO ] W-9000-trocr-handwritten_1.0-stdout MODEL_LOG -     ret = self._entry_point(input_batch, self.context)
2023-03-19T14:21:26,312 [DEBUG] W-9000-trocr-handwritten_1.0 org.pytorch.serve.job.Job - Waiting time ns: 84691, Inference time ns: 2642449
2023-03-19T14:21:26,312 [DEBUG] W-9000-trocr-handwritten_1.0 org.pytorch.serve.job.Job - Waiting time ns: 84691, Inference time ns: 2642449
2023-03-19T14:21:26,312 [INFO ] W-9000-trocr-handwritten_1.0-stdout MODEL_LOG -   File "/tmp/models/94f835913c93475297dcea6e5bcbdc0b/handler.py", line 119, in handle
2023-03-19T14:21:26,312 [INFO ] W-9000-trocr-handwritten_1.0 TS_METRICS - WorkerThreadTime.ms:2|#Level:Host|#hostname:ziggy-ThinkPad-T480,timestamp:1679250086
2023-03-19T14:21:26,312 [INFO ] W-9000-trocr-handwritten_1.0-stdout MODEL_LOG -     model_input = self.preprocess(data)
2023-03-19T14:21:26,312 [INFO ] W-9000-trocr-handwritten_1.0-stdout MODEL_LOG -   File "/tmp/models/94f835913c93475297dcea6e5bcbdc0b/handler.py", line 85, in preprocess
2023-03-19T14:21:26,312 [INFO ] W-9000-trocr-handwritten_1.0-stdout MODEL_LOG -     url_str = raw_data.decode("utf-8")
2023-03-19T14:21:26,313 [INFO ] W-9000-trocr-handwritten_1.0-stdout MODEL_LOG - AttributeError: 'NoneType' object has no attribute 'decode'
2023-03-19T14:21:37,816 [INFO ] pool-3-thread-1 TS_METRICS - CPUUtilization.Percent:0.0|#Level:Host|#hostname:ziggy-ThinkPad-T480,timestamp:1679250097
2023-03-19T14:21:37,817 [INFO ] pool-3-thread-1 TS_METRICS - DiskAvailable.Gigabytes:319.7552032470703|#Level:Host|#hostname:ziggy-ThinkPad-T480,timestamp:1679250097
2023-03-19T14:21:37,817 [INFO ] pool-3-thread-1 TS_METRICS - DiskUsage.Gigabytes:549.0018768310547|#Level:Host|#hostname:ziggy-ThinkPad-T480,timestamp:1679250097
2023-03-19T14:21:37,817 [INFO ] pool-3-thread-1 TS_METRICS - DiskUtilization.Percent:63.2|#Level:Host|#hostname:ziggy-ThinkPad-T480,timestamp:1679250097
2023-03-19T14:21:37,817 [INFO ] pool-3-thread-1 TS_METRICS - MemoryAvailable.Megabytes:4019.91015625|#Level:Host|#hostname:ziggy-ThinkPad-T480,timestamp:1679250097
2023-03-19T14:21:37,817 [INFO ] pool-3-thread-1 TS_METRICS - MemoryUsed.Megabytes:9977.75|#Level:Host|#hostname:ziggy-ThinkPad-T480,timestamp:1679250097
2023-03-19T14:21:37,818 [INFO ] pool-3-thread-1 TS_METRICS - MemoryUtilization.Percent:74.7|#Level:Host|#hostname:ziggy-ThinkPad-T480,timestamp:1679250097
2023-03-19T14:21:49,238 [INFO ] W-9000-trocr-handwritten_1.0 org.pytorch.serve.wlm.WorkerThread - Flushing req. to backend at: 1679250109238
2023-03-19T14:21:49,238 [INFO ] W-9000-trocr-handwritten_1.0 org.pytorch.serve.wlm.WorkerThread - Flushing req. to backend at: 1679250109238
2023-03-19T14:21:49,240 [INFO ] W-9000-trocr-handwritten_1.0-stdout MODEL_LOG - Backend received inference at: 1679250109
2023-03-19T14:21:51,385 [WARN ] W-9000-trocr-handwritten_1.0-stderr MODEL_LOG - /home/ziggy/miniconda3/envs/ts-testing/lib/python3.10/site-packages/transformers/generation/utils.py:1288: UserWarning: Using `max_length`'s default (20) to control the generation length. This behaviour is deprecated and will be removed from the config in v5 of Transformers -- we recommend using `max_new_tokens` to control the maximum length of the generation.
2023-03-19T14:21:51,385 [WARN ] W-9000-trocr-handwritten_1.0-stderr MODEL_LOG -   warnings.warn(
2023-03-19T14:21:52,478 [INFO ] W-9000-trocr-handwritten_1.0 org.pytorch.serve.wlm.WorkerThread - Backend response time: 3239
2023-03-19T14:21:52,478 [INFO ] W-9000-trocr-handwritten_1.0 org.pytorch.serve.wlm.WorkerThread - Backend response time: 3239
2023-03-19T14:21:52,478 [INFO ] W-9000-trocr-handwritten_1.0 ACCESS_LOG - /127.0.0.1:57174 "POST /predictions/trocr-handwritten/1.0 HTTP/1.1" 200 3247
2023-03-19T14:21:52,479 [INFO ] W-9000-trocr-handwritten_1.0 TS_METRICS - Requests2XX.Count:1|#Level:Host|#hostname:ziggy-ThinkPad-T480,timestamp:1679249450
2023-03-19T14:21:52,478 [INFO ] W-9000-trocr-handwritten_1.0-stdout MODEL_METRICS - PredictionTime.Milliseconds:3237.81|#ModelName:trocr-handwritten,Level:Model|#hostname:ziggy-ThinkPad-T480,requestID:0fde1390-a3a4-477f-99a2-ec79a5da9bf8,timestamp:1679250112
2023-03-19T14:21:52,479 [DEBUG] W-9000-trocr-handwritten_1.0 org.pytorch.serve.job.Job - Waiting time ns: 133705, Backend time ns: 3240560012
2023-03-19T14:21:52,479 [DEBUG] W-9000-trocr-handwritten_1.0 org.pytorch.serve.job.Job - Waiting time ns: 133705, Backend time ns: 3240560012
2023-03-19T14:21:52,479 [INFO ] W-9000-trocr-handwritten_1.0 TS_METRICS - QueueTime.ms:0|#Level:Host|#hostname:ziggy-ThinkPad-T480,timestamp:1679250112
2023-03-19T14:21:52,479 [INFO ] W-9000-trocr-handwritten_1.0 TS_METRICS - WorkerThreadTime.ms:2|#Level:Host|#hostname:ziggy-ThinkPad-T480,timestamp:1679250112
2023-03-19T14:22:37,805 [INFO ] pool-3-thread-2 TS_METRICS - CPUUtilization.Percent:0.0|#Level:Host|#hostname:ziggy-ThinkPad-T480,timestamp:1679250157
2023-03-19T14:22:37,805 [INFO ] pool-3-thread-2 TS_METRICS - DiskAvailable.Gigabytes:319.75494384765625|#Level:Host|#hostname:ziggy-ThinkPad-T480,timestamp:1679250157
2023-03-19T14:22:37,805 [INFO ] pool-3-thread-2 TS_METRICS - DiskUsage.Gigabytes:549.0021362304688|#Level:Host|#hostname:ziggy-ThinkPad-T480,timestamp:1679250157
2023-03-19T14:22:37,805 [INFO ] pool-3-thread-2 TS_METRICS - DiskUtilization.Percent:63.2|#Level:Host|#hostname:ziggy-ThinkPad-T480,timestamp:1679250157
2023-03-19T14:22:37,805 [INFO ] pool-3-thread-2 TS_METRICS - MemoryAvailable.Megabytes:6382.78515625|#Level:Host|#hostname:ziggy-ThinkPad-T480,timestamp:1679250157
2023-03-19T14:22:37,805 [INFO ] pool-3-thread-2 TS_METRICS - MemoryUsed.Megabytes:7634.65625|#Level:Host|#hostname:ziggy-ThinkPad-T480,timestamp:1679250157
2023-03-19T14:22:37,806 [INFO ] pool-3-thread-2 TS_METRICS - MemoryUtilization.Percent:59.8|#Level:Host|#hostname:ziggy-ThinkPad-T480,timestamp:1679250157
2023-03-19T14:23:37,804 [INFO ] pool-3-thread-2 TS_METRICS - CPUUtilization.Percent:0.0|#Level:Host|#hostname:ziggy-ThinkPad-T480,timestamp:1679250217
2023-03-19T14:23:37,804 [INFO ] pool-3-thread-2 TS_METRICS - DiskAvailable.Gigabytes:319.7555046081543|#Level:Host|#hostname:ziggy-ThinkPad-T480,timestamp:1679250217
2023-03-19T14:23:37,805 [INFO ] pool-3-thread-2 TS_METRICS - DiskUsage.Gigabytes:549.0015754699707|#Level:Host|#hostname:ziggy-ThinkPad-T480,timestamp:1679250217
2023-03-19T14:23:37,805 [INFO ] pool-3-thread-2 TS_METRICS - DiskUtilization.Percent:63.2|#Level:Host|#hostname:ziggy-ThinkPad-T480,timestamp:1679250217
2023-03-19T14:23:37,805 [INFO ] pool-3-thread-2 TS_METRICS - MemoryAvailable.Megabytes:6179.9453125|#Level:Host|#hostname:ziggy-ThinkPad-T480,timestamp:1679250217
2023-03-19T14:23:37,805 [INFO ] pool-3-thread-2 TS_METRICS - MemoryUsed.Megabytes:7836.23046875|#Level:Host|#hostname:ziggy-ThinkPad-T480,timestamp:1679250217
2023-03-19T14:23:37,805 [INFO ] pool-3-thread-2 TS_METRICS - MemoryUtilization.Percent:61.1|#Level:Host|#hostname:ziggy-ThinkPad-T480,timestamp:1679250217
2023-03-19T14:24:37,810 [INFO ] pool-3-thread-2 TS_METRICS - CPUUtilization.Percent:0.0|#Level:Host|#hostname:ziggy-ThinkPad-T480,timestamp:1679250277
2023-03-19T14:24:37,810 [INFO ] pool-3-thread-2 TS_METRICS - DiskAvailable.Gigabytes:319.7518768310547|#Level:Host|#hostname:ziggy-ThinkPad-T480,timestamp:1679250277
2023-03-19T14:24:37,810 [INFO ] pool-3-thread-2 TS_METRICS - DiskUsage.Gigabytes:549.0052032470703|#Level:Host|#hostname:ziggy-ThinkPad-T480,timestamp:1679250277
2023-03-19T14:24:37,810 [INFO ] pool-3-thread-2 TS_METRICS - DiskUtilization.Percent:63.2|#Level:Host|#hostname:ziggy-ThinkPad-T480,timestamp:1679250277
2023-03-19T14:24:37,811 [INFO ] pool-3-thread-2 TS_METRICS - MemoryAvailable.Megabytes:6210.671875|#Level:Host|#hostname:ziggy-ThinkPad-T480,timestamp:1679250277
2023-03-19T14:24:37,811 [INFO ] pool-3-thread-2 TS_METRICS - MemoryUsed.Megabytes:7798.27734375|#Level:Host|#hostname:ziggy-ThinkPad-T480,timestamp:1679250277
2023-03-19T14:24:37,811 [INFO ] pool-3-thread-2 TS_METRICS - MemoryUtilization.Percent:60.9|#Level:Host|#hostname:ziggy-ThinkPad-T480,timestamp:1679250277
2023-03-19T14:25:37,819 [INFO ] pool-3-thread-2 TS_METRICS - CPUUtilization.Percent:0.0|#Level:Host|#hostname:ziggy-ThinkPad-T480,timestamp:1679250337
2023-03-19T14:25:37,819 [INFO ] pool-3-thread-2 TS_METRICS - DiskAvailable.Gigabytes:319.7486457824707|#Level:Host|#hostname:ziggy-ThinkPad-T480,timestamp:1679250337
2023-03-19T14:25:37,819 [INFO ] pool-3-thread-2 TS_METRICS - DiskUsage.Gigabytes:549.0084342956543|#Level:Host|#hostname:ziggy-ThinkPad-T480,timestamp:1679250337
2023-03-19T14:25:37,819 [INFO ] pool-3-thread-2 TS_METRICS - DiskUtilization.Percent:63.2|#Level:Host|#hostname:ziggy-ThinkPad-T480,timestamp:1679250337
2023-03-19T14:25:37,820 [INFO ] pool-3-thread-2 TS_METRICS - MemoryAvailable.Megabytes:6282.98828125|#Level:Host|#hostname:ziggy-ThinkPad-T480,timestamp:1679250337
2023-03-19T14:25:37,820 [INFO ] pool-3-thread-2 TS_METRICS - MemoryUsed.Megabytes:7805.5234375|#Level:Host|#hostname:ziggy-ThinkPad-T480,timestamp:1679250337
2023-03-19T14:25:37,820 [INFO ] pool-3-thread-2 TS_METRICS - MemoryUtilization.Percent:60.4|#Level:Host|#hostname:ziggy-ThinkPad-T480,timestamp:1679250337
2023-03-19T14:26:37,812 [INFO ] pool-3-thread-2 TS_METRICS - CPUUtilization.Percent:0.0|#Level:Host|#hostname:ziggy-ThinkPad-T480,timestamp:1679250397
2023-03-19T14:26:37,812 [INFO ] pool-3-thread-2 TS_METRICS - DiskAvailable.Gigabytes:319.7486038208008|#Level:Host|#hostname:ziggy-ThinkPad-T480,timestamp:1679250397
2023-03-19T14:26:37,813 [INFO ] pool-3-thread-2 TS_METRICS - DiskUsage.Gigabytes:549.0084762573242|#Level:Host|#hostname:ziggy-ThinkPad-T480,timestamp:1679250397
2023-03-19T14:26:37,813 [INFO ] pool-3-thread-2 TS_METRICS - DiskUtilization.Percent:63.2|#Level:Host|#hostname:ziggy-ThinkPad-T480,timestamp:1679250397
2023-03-19T14:26:37,813 [INFO ] pool-3-thread-2 TS_METRICS - MemoryAvailable.Megabytes:6210.421875|#Level:Host|#hostname:ziggy-ThinkPad-T480,timestamp:1679250397
2023-03-19T14:26:37,813 [INFO ] pool-3-thread-2 TS_METRICS - MemoryUsed.Megabytes:7843.328125|#Level:Host|#hostname:ziggy-ThinkPad-T480,timestamp:1679250397
2023-03-19T14:26:37,813 [INFO ] pool-3-thread-2 TS_METRICS - MemoryUtilization.Percent:60.9|#Level:Host|#hostname:ziggy-ThinkPad-T480,timestamp:1679250397
2023-03-19T14:27:37,802 [INFO ] pool-3-thread-1 TS_METRICS - CPUUtilization.Percent:0.0|#Level:Host|#hostname:ziggy-ThinkPad-T480,timestamp:1679250457
2023-03-19T14:27:37,802 [INFO ] pool-3-thread-1 TS_METRICS - DiskAvailable.Gigabytes:319.748592376709|#Level:Host|#hostname:ziggy-ThinkPad-T480,timestamp:1679250457
2023-03-19T14:27:37,802 [INFO ] pool-3-thread-1 TS_METRICS - DiskUsage.Gigabytes:549.008487701416|#Level:Host|#hostname:ziggy-ThinkPad-T480,timestamp:1679250457
2023-03-19T14:27:37,802 [INFO ] pool-3-thread-1 TS_METRICS - DiskUtilization.Percent:63.2|#Level:Host|#hostname:ziggy-ThinkPad-T480,timestamp:1679250457
2023-03-19T14:27:37,802 [INFO ] pool-3-thread-1 TS_METRICS - MemoryAvailable.Megabytes:6237.453125|#Level:Host|#hostname:ziggy-ThinkPad-T480,timestamp:1679250457
2023-03-19T14:27:37,802 [INFO ] pool-3-thread-1 TS_METRICS - MemoryUsed.Megabytes:7819.046875|#Level:Host|#hostname:ziggy-ThinkPad-T480,timestamp:1679250457
2023-03-19T14:27:37,802 [INFO ] pool-3-thread-1 TS_METRICS - MemoryUtilization.Percent:60.7|#Level:Host|#hostname:ziggy-ThinkPad-T480,timestamp:1679250457
2023-03-19T14:28:37,803 [INFO ] pool-3-thread-1 TS_METRICS - CPUUtilization.Percent:0.0|#Level:Host|#hostname:ziggy-ThinkPad-T480,timestamp:1679250517
2023-03-19T14:28:37,804 [INFO ] pool-3-thread-1 TS_METRICS - DiskAvailable.Gigabytes:319.74446868896484|#Level:Host|#hostname:ziggy-ThinkPad-T480,timestamp:1679250517
2023-03-19T14:28:37,804 [INFO ] pool-3-thread-1 TS_METRICS - DiskUsage.Gigabytes:549.0126113891602|#Level:Host|#hostname:ziggy-ThinkPad-T480,timestamp:1679250517
2023-03-19T14:28:37,804 [INFO ] pool-3-thread-1 TS_METRICS - DiskUtilization.Percent:63.2|#Level:Host|#hostname:ziggy-ThinkPad-T480,timestamp:1679250517
2023-03-19T14:28:37,804 [INFO ] pool-3-thread-1 TS_METRICS - MemoryAvailable.Megabytes:6321.70703125|#Level:Host|#hostname:ziggy-ThinkPad-T480,timestamp:1679250517
2023-03-19T14:28:37,804 [INFO ] pool-3-thread-1 TS_METRICS - MemoryUsed.Megabytes:7764.86328125|#Level:Host|#hostname:ziggy-ThinkPad-T480,timestamp:1679250517
2023-03-19T14:28:37,804 [INFO ] pool-3-thread-1 TS_METRICS - MemoryUtilization.Percent:60.2|#Level:Host|#hostname:ziggy-ThinkPad-T480,timestamp:1679250517
2023-03-19T14:29:37,805 [INFO ] pool-3-thread-1 TS_METRICS - CPUUtilization.Percent:33.3|#Level:Host|#hostname:ziggy-ThinkPad-T480,timestamp:1679250577
2023-03-19T14:29:37,805 [INFO ] pool-3-thread-1 TS_METRICS - DiskAvailable.Gigabytes:319.74445724487305|#Level:Host|#hostname:ziggy-ThinkPad-T480,timestamp:1679250577
2023-03-19T14:29:37,805 [INFO ] pool-3-thread-1 TS_METRICS - DiskUsage.Gigabytes:549.012622833252|#Level:Host|#hostname:ziggy-ThinkPad-T480,timestamp:1679250577
2023-03-19T14:29:37,805 [INFO ] pool-3-thread-1 TS_METRICS - DiskUtilization.Percent:63.2|#Level:Host|#hostname:ziggy-ThinkPad-T480,timestamp:1679250577
2023-03-19T14:29:37,805 [INFO ] pool-3-thread-1 TS_METRICS - MemoryAvailable.Megabytes:6333.71484375|#Level:Host|#hostname:ziggy-ThinkPad-T480,timestamp:1679250577
2023-03-19T14:29:37,806 [INFO ] pool-3-thread-1 TS_METRICS - MemoryUsed.Megabytes:7764.48046875|#Level:Host|#hostname:ziggy-ThinkPad-T480,timestamp:1679250577
2023-03-19T14:29:37,806 [INFO ] pool-3-thread-1 TS_METRICS - MemoryUtilization.Percent:60.1|#Level:Host|#hostname:ziggy-ThinkPad-T480,timestamp:1679250577
2023-03-19T14:30:37,804 [INFO ] pool-3-thread-1 TS_METRICS - CPUUtilization.Percent:0.0|#Level:Host|#hostname:ziggy-ThinkPad-T480,timestamp:1679250637
2023-03-19T14:30:37,804 [INFO ] pool-3-thread-1 TS_METRICS - DiskAvailable.Gigabytes:319.74444580078125|#Level:Host|#hostname:ziggy-ThinkPad-T480,timestamp:1679250637
2023-03-19T14:30:37,804 [INFO ] pool-3-thread-1 TS_METRICS - DiskUsage.Gigabytes:549.0126342773438|#Level:Host|#hostname:ziggy-ThinkPad-T480,timestamp:1679250637
2023-03-19T14:30:37,804 [INFO ] pool-3-thread-1 TS_METRICS - DiskUtilization.Percent:63.2|#Level:Host|#hostname:ziggy-ThinkPad-T480,timestamp:1679250637
2023-03-19T14:30:37,804 [INFO ] pool-3-thread-1 TS_METRICS - MemoryAvailable.Megabytes:6206.73828125|#Level:Host|#hostname:ziggy-ThinkPad-T480,timestamp:1679250637
2023-03-19T14:30:37,804 [INFO ] pool-3-thread-1 TS_METRICS - MemoryUsed.Megabytes:7767.53125|#Level:Host|#hostname:ziggy-ThinkPad-T480,timestamp:1679250637
2023-03-19T19:24:40,997 [INFO ] epollEventLoopGroup-3-1 ACCESS_LOG - /127.0.0.1:45004 "GET /version?timeout=5s HTTP/1.1" 404 0
2023-03-19T21:54:59,467 [INFO ] epollEventLoopGroup-3-1 TS_METRICS - Requests4XX.Count:1|#Level:Host|#hostname:ziggy-ThinkPad-T480,timestamp:1679249450
2023-03-19T19:23:35,880 [INFO ] epollEventLoopGroup-3-16 ACCESS_LOG - /127.0.0.1:42320 "GET /version?timeout=5s HTTP/1.1" 404 0
2023-03-19T21:54:59,468 [INFO ] epollEventLoopGroup-3-16 TS_METRICS - Requests4XX.Count:1|#Level:Host|#hostname:ziggy-ThinkPad-T480,timestamp:1679249450
2023-03-19T19:22:30,776 [INFO ] epollEventLoopGroup-3-15 ACCESS_LOG - /127.0.0.1:41396 "GET /version?timeout=5s HTTP/1.1" 404 0
2023-03-19T21:54:59,468 [INFO ] epollEventLoopGroup-3-15 TS_METRICS - Requests4XX.Count:1|#Level:Host|#hostname:ziggy-ThinkPad-T480,timestamp:1679249450
2023-03-19T21:54:59,467 [INFO ] pool-3-thread-1 TS_METRICS - MemoryUtilization.Percent:60.9|#Level:Host|#hostname:ziggy-ThinkPad-T480,timestamp:1679250637
2023-03-19T19:21:25,662 [INFO ] epollEventLoopGroup-3-14 ACCESS_LOG - /127.0.0.1:36344 "GET /version?timeout=5s HTTP/1.1" 404 0
2023-03-19T21:54:59,482 [INFO ] epollEventLoopGroup-3-14 TS_METRICS - Requests4XX.Count:1|#Level:Host|#hostname:ziggy-ThinkPad-T480,timestamp:1679249450
2023-03-19T19:20:20,542 [INFO ] epollEventLoopGroup-3-13 ACCESS_LOG - /127.0.0.1:60368 "GET /version?timeout=5s HTTP/1.1" 404 0
2023-03-19T21:54:59,483 [INFO ] epollEventLoopGroup-3-13 TS_METRICS - Requests4XX.Count:1|#Level:Host|#hostname:ziggy-ThinkPad-T480,timestamp:1679249450
2023-03-19T19:19:15,429 [INFO ] epollEventLoopGroup-3-12 ACCESS_LOG - /127.0.0.1:44268 "GET /version?timeout=5s HTTP/1.1" 404 0
2023-03-19T19:18:15,400 [INFO ] epollEventLoopGroup-3-11 ACCESS_LOG - /127.0.0.1:59162 "GET /version?timeout=5s HTTP/1.1" 404 1
2023-03-19T19:18:10,314 [INFO ] epollEventLoopGroup-3-10 ACCESS_LOG - /127.0.0.1:59146 "GET /version?timeout=5s HTTP/1.1" 404 0
2023-03-19T21:54:59,484 [INFO ] epollEventLoopGroup-3-10 TS_METRICS - Requests4XX.Count:1|#Level:Host|#hostname:ziggy-ThinkPad-T480,timestamp:1679249450
2023-03-19T18:57:39,310 [INFO ] epollEventLoopGroup-3-9 ACCESS_LOG - /127.0.0.1:49526 "GET /version?timeout=5s HTTP/1.1" 404 0
2023-03-19T21:54:59,484 [INFO ] epollEventLoopGroup-3-9 TS_METRICS - Requests4XX.Count:1|#Level:Host|#hostname:ziggy-ThinkPad-T480,timestamp:1679249450
2023-03-19T18:56:34,216 [INFO ] epollEventLoopGroup-3-8 ACCESS_LOG - /127.0.0.1:33240 "GET /version?timeout=5s HTTP/1.1" 404 0
2023-03-19T18:55:29,130 [INFO ] epollEventLoopGroup-3-7 ACCESS_LOG - /127.0.0.1:59938 "GET /version?timeout=5s HTTP/1.1" 404 0
2023-03-19T21:54:59,485 [INFO ] epollEventLoopGroup-3-8 TS_METRICS - Requests4XX.Count:1|#Level:Host|#hostname:ziggy-ThinkPad-T480,timestamp:1679249450
2023-03-19T21:54:59,485 [INFO ] epollEventLoopGroup-3-7 TS_METRICS - Requests4XX.Count:1|#Level:Host|#hostname:ziggy-ThinkPad-T480,timestamp:1679249450
2023-03-19T18:54:24,018 [INFO ] epollEventLoopGroup-3-6 ACCESS_LOG - /127.0.0.1:52134 "GET /version?timeout=5s HTTP/1.1" 404 0
2023-03-19T21:54:59,486 [INFO ] epollEventLoopGroup-3-6 TS_METRICS - Requests4XX.Count:1|#Level:Host|#hostname:ziggy-ThinkPad-T480,timestamp:1679249450
2023-03-19T18:53:18,947 [INFO ] epollEventLoopGroup-3-5 ACCESS_LOG - /127.0.0.1:49128 "GET /version?timeout=5s HTTP/1.1" 404 0
2023-03-19T21:54:59,487 [INFO ] epollEventLoopGroup-3-5 TS_METRICS - Requests4XX.Count:1|#Level:Host|#hostname:ziggy-ThinkPad-T480,timestamp:1679249450
2023-03-19T18:52:13,820 [INFO ] epollEventLoopGroup-3-4 ACCESS_LOG - /127.0.0.1:54902 "GET /version?timeout=5s HTTP/1.1" 404 0
2023-03-19T21:54:59,487 [INFO ] epollEventLoopGroup-3-4 TS_METRICS - Requests4XX.Count:1|#Level:Host|#hostname:ziggy-ThinkPad-T480,timestamp:1679249450
2023-03-19T18:51:13,798 [INFO ] epollEventLoopGroup-3-3 ACCESS_LOG - /127.0.0.1:34872 "GET /version?timeout=5s HTTP/1.1" 404 0
2023-03-19T18:51:08,730 [INFO ] epollEventLoopGroup-3-2 ACCESS_LOG - /127.0.0.1:33360 "GET /version?timeout=5s HTTP/1.1" 404 0
2023-03-19T21:54:59,491 [INFO ] epollEventLoopGroup-3-2 TS_METRICS - Requests4XX.Count:1|#Level:Host|#hostname:ziggy-ThinkPad-T480,timestamp:1679249450
2023-03-19T21:54:59,483 [INFO ] epollEventLoopGroup-3-11 TS_METRICS - Requests4XX.Count:1|#Level:Host|#hostname:ziggy-ThinkPad-T480,timestamp:1679249450
2023-03-19T21:54:59,483 [INFO ] epollEventLoopGroup-3-12 TS_METRICS - Requests4XX.Count:1|#Level:Host|#hostname:ziggy-ThinkPad-T480,timestamp:1679249450
2023-03-19T21:54:59,488 [INFO ] epollEventLoopGroup-3-3 TS_METRICS - Requests4XX.Count:1|#Level:Host|#hostname:ziggy-ThinkPad-T480,timestamp:1679249450
2023-03-19T21:54:59,542 [INFO ] epollEventLoopGroup-3-1 ACCESS_LOG - /127.0.0.1:55576 "GET /version?timeout=5s HTTP/1.1" 404 0
2023-03-19T21:54:59,542 [INFO ] epollEventLoopGroup-3-1 TS_METRICS - Requests4XX.Count:1|#Level:Host|#hostname:ziggy-ThinkPad-T480,timestamp:1679249450
2023-03-19T21:54:59,544 [INFO ] epollEventLoopGroup-3-1 ACCESS_LOG - /127.0.0.1:53866 "GET /api?timeout=32s HTTP/1.1" 404 1
2023-03-19T21:54:59,544 [INFO ] epollEventLoopGroup-3-1 TS_METRICS - Requests4XX.Count:1|#Level:Host|#hostname:ziggy-ThinkPad-T480,timestamp:1679249450
2023-03-19T21:54:59,545 [INFO ] epollEventLoopGroup-3-15 ACCESS_LOG - /127.0.0.1:60268 "GET /version?timeout=5s HTTP/1.1" 404 0
2023-03-19T21:54:59,545 [INFO ] epollEventLoopGroup-3-15 TS_METRICS - Requests4XX.Count:1|#Level:Host|#hostname:ziggy-ThinkPad-T480,timestamp:1679249450
2023-03-19T21:54:59,547 [INFO ] epollEventLoopGroup-3-15 ACCESS_LOG - /127.0.0.1:36252 "GET /version?timeout=5s HTTP/1.1" 404 0
2023-03-19T21:54:59,547 [INFO ] epollEventLoopGroup-3-15 TS_METRICS - Requests4XX.Count:1|#Level:Host|#hostname:ziggy-ThinkPad-T480,timestamp:1679249450
2023-03-19T21:54:59,551 [INFO ] epollEventLoopGroup-3-16 ACCESS_LOG - /127.0.0.1:35400 "GET /version?timeout=5s HTTP/1.1" 404 1
2023-03-19T21:54:59,551 [INFO ] epollEventLoopGroup-3-16 TS_METRICS - Requests4XX.Count:1|#Level:Host|#hostname:ziggy-ThinkPad-T480,timestamp:1679249450
2023-03-19T21:54:59,571 [INFO ] epollEventLoopGroup-3-6 ACCESS_LOG - /127.0.0.1:47670 "GET /version?timeout=5s HTTP/1.1" 404 0
2023-03-19T21:54:59,571 [INFO ] epollEventLoopGroup-3-6 TS_METRICS - Requests4XX.Count:1|#Level:Host|#hostname:ziggy-ThinkPad-T480,timestamp:1679249450
2023-03-19T21:54:59,554 [INFO ] epollEventLoopGroup-3-14 ACCESS_LOG - /127.0.0.1:33094 "GET /version?timeout=5s HTTP/1.1" 404 0
2023-03-19T21:54:59,572 [INFO ] epollEventLoopGroup-3-14 TS_METRICS - Requests4XX.Count:1|#Level:Host|#hostname:ziggy-ThinkPad-T480,timestamp:1679249450
2023-03-19T21:54:59,572 [INFO ] epollEventLoopGroup-3-16 ACCESS_LOG - /127.0.0.1:33082 "GET /api?timeout=32s HTTP/1.1" 404 0
2023-03-19T21:54:59,572 [INFO ] epollEventLoopGroup-3-16 TS_METRICS - Requests4XX.Count:1|#Level:Host|#hostname:ziggy-ThinkPad-T480,timestamp:1679249450
2023-03-19T21:54:59,573 [INFO ] epollEventLoopGroup-3-6 ACCESS_LOG - /127.0.0.1:56934 "GET /version?timeout=5s HTTP/1.1" 404 1
2023-03-19T21:54:59,573 [INFO ] epollEventLoopGroup-3-6 TS_METRICS - Requests4XX.Count:1|#Level:Host|#hostname:ziggy-ThinkPad-T480,timestamp:1679249450
2023-03-19T21:54:59,573 [INFO ] epollEventLoopGroup-3-14 ACCESS_LOG - /127.0.0.1:36236 "GET /version?timeout=5s HTTP/1.1" 404 0
2023-03-19T21:54:59,573 [INFO ] epollEventLoopGroup-3-14 TS_METRICS - Requests4XX.Count:1|#Level:Host|#hostname:ziggy-ThinkPad-T480,timestamp:1679249450
2023-03-19T21:54:59,574 [INFO ] epollEventLoopGroup-3-5 ACCESS_LOG - /127.0.0.1:59532 "GET /version?timeout=5s HTTP/1.1" 404 1
2023-03-19T21:54:59,574 [INFO ] epollEventLoopGroup-3-5 TS_METRICS - Requests4XX.Count:1|#Level:Host|#hostname:ziggy-ThinkPad-T480,timestamp:1679249450
2023-03-19T21:54:59,575 [INFO ] epollEventLoopGroup-3-5 ACCESS_LOG - /127.0.0.1:56932 "GET /version?timeout=5s HTTP/1.1" 404 0
2023-03-19T21:54:59,575 [INFO ] epollEventLoopGroup-3-5 TS_METRICS - Requests4XX.Count:1|#Level:Host|#hostname:ziggy-ThinkPad-T480,timestamp:1679249450
2023-03-19T21:54:59,570 [INFO ] epollEventLoopGroup-3-3 ACCESS_LOG - /127.0.0.1:34732 "GET /version?timeout=5s HTTP/1.1" 404 0
2023-03-19T21:54:59,576 [INFO ] epollEventLoopGroup-3-3 TS_METRICS - Requests4XX.Count:1|#Level:Host|#hostname:ziggy-ThinkPad-T480,timestamp:1679249450
2023-03-19T21:54:59,577 [INFO ] epollEventLoopGroup-3-3 ACCESS_LOG - /127.0.0.1:38202 "GET /version?timeout=5s HTTP/1.1" 404 0
2023-03-19T21:54:59,577 [INFO ] epollEventLoopGroup-3-3 TS_METRICS - Requests4XX.Count:1|#Level:Host|#hostname:ziggy-ThinkPad-T480,timestamp:1679249450
2023-03-19T21:54:59,569 [INFO ] epollEventLoopGroup-3-4 ACCESS_LOG - /127.0.0.1:39640 "GET /version?timeout=5s HTTP/1.1" 404 0
2023-03-19T21:54:59,579 [INFO ] epollEventLoopGroup-3-3 ACCESS_LOG - /127.0.0.1:54856 "GET /api?timeout=32s HTTP/1.1" 404 1
2023-03-19T21:54:59,579 [INFO ] epollEventLoopGroup-3-4 TS_METRICS - Requests4XX.Count:1|#Level:Host|#hostname:ziggy-ThinkPad-T480,timestamp:1679249450
2023-03-19T21:54:59,579 [INFO ] epollEventLoopGroup-3-3 TS_METRICS - Requests4XX.Count:1|#Level:Host|#hostname:ziggy-ThinkPad-T480,timestamp:1679249450
2023-03-19T21:54:59,568 [INFO ] epollEventLoopGroup-3-12 ACCESS_LOG - /127.0.0.1:39330 "GET /version?timeout=5s HTTP/1.1" 404 0
2023-03-19T21:54:59,581 [INFO ] epollEventLoopGroup-3-12 TS_METRICS - Requests4XX.Count:1|#Level:Host|#hostname:ziggy-ThinkPad-T480,timestamp:1679249450
2023-03-19T21:54:59,568 [INFO ] epollEventLoopGroup-3-11 ACCESS_LOG - /127.0.0.1:40106 "GET /version?timeout=5s HTTP/1.1" 404 0
2023-03-19T21:54:59,581 [INFO ] epollEventLoopGroup-3-11 TS_METRICS - Requests4XX.Count:1|#Level:Host|#hostname:ziggy-ThinkPad-T480,timestamp:1679249450
2023-03-19T21:54:59,582 [INFO ] epollEventLoopGroup-3-11 ACCESS_LOG - /127.0.0.1:32920 "GET /version?timeout=5s HTTP/1.1" 404 0
2023-03-19T21:54:59,582 [INFO ] epollEventLoopGroup-3-11 TS_METRICS - Requests4XX.Count:1|#Level:Host|#hostname:ziggy-ThinkPad-T480,timestamp:1679249450
2023-03-19T21:54:59,584 [INFO ] epollEventLoopGroup-3-12 ACCESS_LOG - /127.0.0.1:58826 "GET /version?timeout=5s HTTP/1.1" 404 0
2023-03-19T21:54:59,584 [INFO ] epollEventLoopGroup-3-12 TS_METRICS - Requests4XX.Count:1|#Level:Host|#hostname:ziggy-ThinkPad-T480,timestamp:1679249450
2023-03-19T21:54:59,567 [INFO ] epollEventLoopGroup-3-7 ACCESS_LOG - /127.0.0.1:40212 "GET /version?timeout=5s HTTP/1.1" 404 0
2023-03-19T21:54:59,588 [INFO ] epollEventLoopGroup-3-7 TS_METRICS - Requests4XX.Count:1|#Level:Host|#hostname:ziggy-ThinkPad-T480,timestamp:1679249450
2023-03-19T21:54:59,559 [INFO ] epollEventLoopGroup-3-2 ACCESS_LOG - /127.0.0.1:38526 "GET /version?timeout=5s HTTP/1.1" 404 0
2023-03-19T21:54:59,589 [INFO ] epollEventLoopGroup-3-2 TS_METRICS - Requests4XX.Count:1|#Level:Host|#hostname:ziggy-ThinkPad-T480,timestamp:1679249450
2023-03-19T21:54:59,589 [INFO ] epollEventLoopGroup-3-4 ACCESS_LOG - /127.0.0.1:57028 "GET /version?timeout=5s HTTP/1.1" 404 0
2023-03-19T21:54:59,589 [INFO ] epollEventLoopGroup-3-4 TS_METRICS - Requests4XX.Count:1|#Level:Host|#hostname:ziggy-ThinkPad-T480,timestamp:1679249450
2023-03-19T21:54:59,590 [INFO ] epollEventLoopGroup-3-7 ACCESS_LOG - /127.0.0.1:60788 "GET /version?timeout=5s HTTP/1.1" 404 0
2023-03-19T21:54:59,558 [INFO ] epollEventLoopGroup-3-8 ACCESS_LOG - /127.0.0.1:36462 "GET /version?timeout=5s HTTP/1.1" 404 0
2023-03-19T21:54:59,590 [INFO ] epollEventLoopGroup-3-8 TS_METRICS - Requests4XX.Count:1|#Level:Host|#hostname:ziggy-ThinkPad-T480,timestamp:1679249450
2023-03-19T21:54:59,591 [INFO ] epollEventLoopGroup-3-8 ACCESS_LOG - /127.0.0.1:49476 "GET /version?timeout=5s HTTP/1.1" 404 1
2023-03-19T21:54:59,592 [INFO ] epollEventLoopGroup-3-8 TS_METRICS - Requests4XX.Count:1|#Level:Host|#hostname:ziggy-ThinkPad-T480,timestamp:1679249450
2023-03-19T21:54:59,557 [INFO ] epollEventLoopGroup-3-9 ACCESS_LOG - /127.0.0.1:46828 "GET /version?timeout=5s HTTP/1.1" 404 0
2023-03-19T21:54:59,594 [INFO ] epollEventLoopGroup-3-9 TS_METRICS - Requests4XX.Count:1|#Level:Host|#hostname:ziggy-ThinkPad-T480,timestamp:1679249450
2023-03-19T21:54:59,556 [INFO ] epollEventLoopGroup-3-10 ACCESS_LOG - /127.0.0.1:50246 "GET /version?timeout=5s HTTP/1.1" 404 0
2023-03-19T21:54:59,555 [INFO ] epollEventLoopGroup-3-13 ACCESS_LOG - /127.0.0.1:45928 "GET /version?timeout=5s HTTP/1.1" 404 0
2023-03-19T21:54:59,590 [INFO ] epollEventLoopGroup-3-7 TS_METRICS - Requests4XX.Count:1|#Level:Host|#hostname:ziggy-ThinkPad-T480,timestamp:1679249450
2023-03-19T21:54:59,590 [INFO ] epollEventLoopGroup-3-2 ACCESS_LOG - /127.0.0.1:48040 "GET /version?timeout=5s HTTP/1.1" 404 1
