2023-03-19T14:10:37,815 - CPUUtilization.Percent:0.0|#Level:Host|#hostname:ziggy-ThinkPad-T480,timestamp:1679249437
2023-03-19T14:10:37,817 - DiskAvailable.Gigabytes:319.7730293273926|#Level:Host|#hostname:ziggy-ThinkPad-T480,timestamp:1679249437
2023-03-19T14:10:37,817 - DiskUsage.Gigabytes:548.9840507507324|#Level:Host|#hostname:ziggy-ThinkPad-T480,timestamp:1679249437
2023-03-19T14:10:37,818 - DiskUtilization.Percent:63.2|#Level:Host|#hostname:ziggy-ThinkPad-T480,timestamp:1679249437
2023-03-19T14:10:37,818 - MemoryAvailable.Megabytes:9323.75390625|#Level:Host|#hostname:ziggy-ThinkPad-T480,timestamp:1679249437
2023-03-19T14:10:37,818 - MemoryUsed.Megabytes:4889.890625|#Level:Host|#hostname:ziggy-ThinkPad-T480,timestamp:1679249437
2023-03-19T14:10:37,819 - MemoryUtilization.Percent:41.3|#Level:Host|#hostname:ziggy-ThinkPad-T480,timestamp:1679249437
2023-03-19T14:10:47,623 - W-9000-trocr-handwritten_1.0.ms:10269|#Level:Host|#hostname:ziggy-ThinkPad-T480,timestamp:1679249447
2023-03-19T14:10:47,623 - WorkerThreadTime.ms:36|#Level:Host|#hostname:ziggy-ThinkPad-T480,timestamp:1679249447
2023-03-19T14:10:50,413 - Requests4XX.Count:1|#Level:Host|#hostname:ziggy-ThinkPad-T480,timestamp:1679249450
2023-03-19T14:10:56,796 - Requests4XX.Count:1|#Level:Host|#hostname:ziggy-ThinkPad-T480,timestamp:1679249450
2023-03-19T14:11:04,272 - Requests4XX.Count:1|#Level:Host|#hostname:ziggy-ThinkPad-T480,timestamp:1679249450
2023-03-19T14:11:37,796 - CPUUtilization.Percent:0.0|#Level:Host|#hostname:ziggy-ThinkPad-T480,timestamp:1679249497
2023-03-19T14:11:37,797 - DiskAvailable.Gigabytes:319.7732162475586|#Level:Host|#hostname:ziggy-ThinkPad-T480,timestamp:1679249497
2023-03-19T14:11:37,797 - DiskUsage.Gigabytes:548.9838638305664|#Level:Host|#hostname:ziggy-ThinkPad-T480,timestamp:1679249497
2023-03-19T14:11:37,797 - DiskUtilization.Percent:63.2|#Level:Host|#hostname:ziggy-ThinkPad-T480,timestamp:1679249497
2023-03-19T14:11:37,797 - MemoryAvailable.Megabytes:7510.9296875|#Level:Host|#hostname:ziggy-ThinkPad-T480,timestamp:1679249497
2023-03-19T14:11:37,798 - MemoryUsed.Megabytes:6677.24609375|#Level:Host|#hostname:ziggy-ThinkPad-T480,timestamp:1679249497
2023-03-19T14:11:37,798 - MemoryUtilization.Percent:52.7|#Level:Host|#hostname:ziggy-ThinkPad-T480,timestamp:1679249497
2023-03-19T14:11:56,930 - Requests4XX.Count:1|#Level:Host|#hostname:ziggy-ThinkPad-T480,timestamp:1679249450
2023-03-19T14:12:37,821 - CPUUtilization.Percent:50.0|#Level:Host|#hostname:ziggy-ThinkPad-T480,timestamp:1679249557
2023-03-19T14:12:37,821 - DiskAvailable.Gigabytes:319.7731475830078|#Level:Host|#hostname:ziggy-ThinkPad-T480,timestamp:1679249557
2023-03-19T14:12:37,821 - DiskUsage.Gigabytes:548.9839324951172|#Level:Host|#hostname:ziggy-ThinkPad-T480,timestamp:1679249557
2023-03-19T14:12:37,821 - DiskUtilization.Percent:63.2|#Level:Host|#hostname:ziggy-ThinkPad-T480,timestamp:1679249557
2023-03-19T14:12:37,821 - MemoryAvailable.Megabytes:7506.75|#Level:Host|#hostname:ziggy-ThinkPad-T480,timestamp:1679249557
2023-03-19T14:12:37,822 - MemoryUsed.Megabytes:6672.796875|#Level:Host|#hostname:ziggy-ThinkPad-T480,timestamp:1679249557
2023-03-19T14:12:37,822 - MemoryUtilization.Percent:52.7|#Level:Host|#hostname:ziggy-ThinkPad-T480,timestamp:1679249557
2023-03-19T14:12:57,023 - Requests4XX.Count:1|#Level:Host|#hostname:ziggy-ThinkPad-T480,timestamp:1679249450
2023-03-19T14:13:37,807 - CPUUtilization.Percent:66.7|#Level:Host|#hostname:ziggy-ThinkPad-T480,timestamp:1679249617
2023-03-19T14:13:37,807 - DiskAvailable.Gigabytes:319.7731056213379|#Level:Host|#hostname:ziggy-ThinkPad-T480,timestamp:1679249617
2023-03-19T14:13:37,807 - DiskUsage.Gigabytes:548.9839744567871|#Level:Host|#hostname:ziggy-ThinkPad-T480,timestamp:1679249617
2023-03-19T14:13:37,808 - DiskUtilization.Percent:63.2|#Level:Host|#hostname:ziggy-ThinkPad-T480,timestamp:1679249617
2023-03-19T14:13:37,808 - MemoryAvailable.Megabytes:7495.21875|#Level:Host|#hostname:ziggy-ThinkPad-T480,timestamp:1679249617
2023-03-19T14:13:37,808 - MemoryUsed.Megabytes:6638.4375|#Level:Host|#hostname:ziggy-ThinkPad-T480,timestamp:1679249617
2023-03-19T14:13:37,808 - MemoryUtilization.Percent:52.8|#Level:Host|#hostname:ziggy-ThinkPad-T480,timestamp:1679249617
2023-03-19T14:14:37,829 - CPUUtilization.Percent:50.0|#Level:Host|#hostname:ziggy-ThinkPad-T480,timestamp:1679249677
2023-03-19T14:14:37,829 - DiskAvailable.Gigabytes:319.7684440612793|#Level:Host|#hostname:ziggy-ThinkPad-T480,timestamp:1679249677
2023-03-19T14:14:37,830 - DiskUsage.Gigabytes:548.9886360168457|#Level:Host|#hostname:ziggy-ThinkPad-T480,timestamp:1679249677
2023-03-19T14:14:37,830 - DiskUtilization.Percent:63.2|#Level:Host|#hostname:ziggy-ThinkPad-T480,timestamp:1679249677
2023-03-19T14:14:37,830 - MemoryAvailable.Megabytes:7553.19140625|#Level:Host|#hostname:ziggy-ThinkPad-T480,timestamp:1679249677
2023-03-19T14:14:37,830 - MemoryUsed.Megabytes:6615.44921875|#Level:Host|#hostname:ziggy-ThinkPad-T480,timestamp:1679249677
2023-03-19T14:14:37,831 - MemoryUtilization.Percent:52.4|#Level:Host|#hostname:ziggy-ThinkPad-T480,timestamp:1679249677
2023-03-19T14:14:59,181 - Requests4XX.Count:1|#Level:Host|#hostname:ziggy-ThinkPad-T480,timestamp:1679249450
2023-03-19T14:15:05,591 - Requests4XX.Count:1|#Level:Host|#hostname:ziggy-ThinkPad-T480,timestamp:1679249450
2023-03-19T14:15:10,329 - Requests4XX.Count:1|#Level:Host|#hostname:ziggy-ThinkPad-T480,timestamp:1679249450
2023-03-19T14:15:37,796 - CPUUtilization.Percent:0.0|#Level:Host|#hostname:ziggy-ThinkPad-T480,timestamp:1679249737
2023-03-19T14:15:37,796 - DiskAvailable.Gigabytes:319.7683906555176|#Level:Host|#hostname:ziggy-ThinkPad-T480,timestamp:1679249737
2023-03-19T14:15:37,796 - DiskUsage.Gigabytes:548.9886894226074|#Level:Host|#hostname:ziggy-ThinkPad-T480,timestamp:1679249737
2023-03-19T14:15:37,797 - DiskUtilization.Percent:63.2|#Level:Host|#hostname:ziggy-ThinkPad-T480,timestamp:1679249737
2023-03-19T14:15:37,797 - MemoryAvailable.Megabytes:7500.21484375|#Level:Host|#hostname:ziggy-ThinkPad-T480,timestamp:1679249737
2023-03-19T14:15:37,797 - MemoryUsed.Megabytes:6650.02734375|#Level:Host|#hostname:ziggy-ThinkPad-T480,timestamp:1679249737
2023-03-19T14:15:37,797 - MemoryUtilization.Percent:52.8|#Level:Host|#hostname:ziggy-ThinkPad-T480,timestamp:1679249737
2023-03-19T14:15:57,065 - Requests2XX.Count:1|#Level:Host|#hostname:ziggy-ThinkPad-T480,timestamp:1679249450
2023-03-19T14:16:27,306 - Requests2XX.Count:1|#Level:Host|#hostname:ziggy-ThinkPad-T480,timestamp:1679249450
2023-03-19T14:16:37,800 - CPUUtilization.Percent:0.0|#Level:Host|#hostname:ziggy-ThinkPad-T480,timestamp:1679249797
2023-03-19T14:16:37,800 - DiskAvailable.Gigabytes:319.7683639526367|#Level:Host|#hostname:ziggy-ThinkPad-T480,timestamp:1679249797
2023-03-19T14:16:37,801 - DiskUsage.Gigabytes:548.9887161254883|#Level:Host|#hostname:ziggy-ThinkPad-T480,timestamp:1679249797
2023-03-19T14:16:37,801 - DiskUtilization.Percent:63.2|#Level:Host|#hostname:ziggy-ThinkPad-T480,timestamp:1679249797
2023-03-19T14:16:37,801 - MemoryAvailable.Megabytes:7613.76171875|#Level:Host|#hostname:ziggy-ThinkPad-T480,timestamp:1679249797
2023-03-19T14:16:37,801 - MemoryUsed.Megabytes:6643.99609375|#Level:Host|#hostname:ziggy-ThinkPad-T480,timestamp:1679249797
2023-03-19T14:16:37,801 - MemoryUtilization.Percent:52.1|#Level:Host|#hostname:ziggy-ThinkPad-T480,timestamp:1679249797
2023-03-19T14:17:03,110 - Requests4XX.Count:1|#Level:Host|#hostname:ziggy-ThinkPad-T480,timestamp:1679249450
2023-03-19T14:17:06,785 - Requests4XX.Count:1|#Level:Host|#hostname:ziggy-ThinkPad-T480,timestamp:1679249450
2023-03-19T14:17:37,803 - CPUUtilization.Percent:0.0|#Level:Host|#hostname:ziggy-ThinkPad-T480,timestamp:1679249857
2023-03-19T14:17:37,803 - DiskAvailable.Gigabytes:319.7646293640137|#Level:Host|#hostname:ziggy-ThinkPad-T480,timestamp:1679249857
2023-03-19T14:17:37,803 - DiskUsage.Gigabytes:548.9924507141113|#Level:Host|#hostname:ziggy-ThinkPad-T480,timestamp:1679249857
2023-03-19T14:17:37,804 - DiskUtilization.Percent:63.2|#Level:Host|#hostname:ziggy-ThinkPad-T480,timestamp:1679249857
2023-03-19T14:17:37,804 - MemoryAvailable.Megabytes:7548.40625|#Level:Host|#hostname:ziggy-ThinkPad-T480,timestamp:1679249857
2023-03-19T14:17:37,804 - MemoryUsed.Megabytes:6686.3203125|#Level:Host|#hostname:ziggy-ThinkPad-T480,timestamp:1679249857
2023-03-19T14:17:37,804 - MemoryUtilization.Percent:52.5|#Level:Host|#hostname:ziggy-ThinkPad-T480,timestamp:1679249857
2023-03-19T14:17:45,027 - Requests4XX.Count:1|#Level:Host|#hostname:ziggy-ThinkPad-T480,timestamp:1679249450
2023-03-19T14:17:48,239 - Requests5XX.Count:1|#Level:Host|#hostname:ziggy-ThinkPad-T480,timestamp:1679249450
2023-03-19T14:17:48,240 - WorkerThreadTime.ms:4|#Level:Host|#hostname:ziggy-ThinkPad-T480,timestamp:1679249868
2023-03-19T14:18:01,306 - Requests5XX.Count:1|#Level:Host|#hostname:ziggy-ThinkPad-T480,timestamp:1679249450
2023-03-19T14:18:01,307 - WorkerThreadTime.ms:2|#Level:Host|#hostname:ziggy-ThinkPad-T480,timestamp:1679249881
2023-03-19T14:18:37,806 - CPUUtilization.Percent:0.0|#Level:Host|#hostname:ziggy-ThinkPad-T480,timestamp:1679249917
2023-03-19T14:18:37,807 - DiskAvailable.Gigabytes:319.76456451416016|#Level:Host|#hostname:ziggy-ThinkPad-T480,timestamp:1679249917
2023-03-19T14:18:37,807 - DiskUsage.Gigabytes:548.9925155639648|#Level:Host|#hostname:ziggy-ThinkPad-T480,timestamp:1679249917
2023-03-19T14:18:37,807 - DiskUtilization.Percent:63.2|#Level:Host|#hostname:ziggy-ThinkPad-T480,timestamp:1679249917
2023-03-19T14:18:37,807 - MemoryAvailable.Megabytes:7469.34765625|#Level:Host|#hostname:ziggy-ThinkPad-T480,timestamp:1679249917
2023-03-19T14:18:37,807 - MemoryUsed.Megabytes:6739.0390625|#Level:Host|#hostname:ziggy-ThinkPad-T480,timestamp:1679249917
2023-03-19T14:18:37,807 - MemoryUtilization.Percent:53.0|#Level:Host|#hostname:ziggy-ThinkPad-T480,timestamp:1679249917
2023-03-19T14:19:37,794 - CPUUtilization.Percent:0.0|#Level:Host|#hostname:ziggy-ThinkPad-T480,timestamp:1679249977
2023-03-19T14:19:37,794 - DiskAvailable.Gigabytes:319.7626037597656|#Level:Host|#hostname:ziggy-ThinkPad-T480,timestamp:1679249977
2023-03-19T14:19:37,794 - DiskUsage.Gigabytes:548.9944763183594|#Level:Host|#hostname:ziggy-ThinkPad-T480,timestamp:1679249977
2023-03-19T14:19:37,794 - DiskUtilization.Percent:63.2|#Level:Host|#hostname:ziggy-ThinkPad-T480,timestamp:1679249977
2023-03-19T14:19:37,794 - MemoryAvailable.Megabytes:6058.953125|#Level:Host|#hostname:ziggy-ThinkPad-T480,timestamp:1679249977
2023-03-19T14:19:37,794 - MemoryUsed.Megabytes:8101.6953125|#Level:Host|#hostname:ziggy-ThinkPad-T480,timestamp:1679249977
2023-03-19T14:19:37,794 - MemoryUtilization.Percent:61.8|#Level:Host|#hostname:ziggy-ThinkPad-T480,timestamp:1679249977
2023-03-19T14:20:37,799 - CPUUtilization.Percent:0.0|#Level:Host|#hostname:ziggy-ThinkPad-T480,timestamp:1679250037
2023-03-19T14:20:37,799 - DiskAvailable.Gigabytes:319.7593765258789|#Level:Host|#hostname:ziggy-ThinkPad-T480,timestamp:1679250037
2023-03-19T14:20:37,799 - DiskUsage.Gigabytes:548.9977035522461|#Level:Host|#hostname:ziggy-ThinkPad-T480,timestamp:1679250037
2023-03-19T14:20:37,800 - DiskUtilization.Percent:63.2|#Level:Host|#hostname:ziggy-ThinkPad-T480,timestamp:1679250037
2023-03-19T14:20:37,800 - MemoryAvailable.Megabytes:5095.50390625|#Level:Host|#hostname:ziggy-ThinkPad-T480,timestamp:1679250037
2023-03-19T14:20:37,800 - MemoryUsed.Megabytes:8942.1640625|#Level:Host|#hostname:ziggy-ThinkPad-T480,timestamp:1679250037
2023-03-19T14:20:37,800 - MemoryUtilization.Percent:67.9|#Level:Host|#hostname:ziggy-ThinkPad-T480,timestamp:1679250037
2023-03-19T14:21:26,311 - Requests5XX.Count:1|#Level:Host|#hostname:ziggy-ThinkPad-T480,timestamp:1679249450
2023-03-19T14:21:26,312 - WorkerThreadTime.ms:2|#Level:Host|#hostname:ziggy-ThinkPad-T480,timestamp:1679250086
2023-03-19T14:21:37,816 - CPUUtilization.Percent:0.0|#Level:Host|#hostname:ziggy-ThinkPad-T480,timestamp:1679250097
2023-03-19T14:21:37,817 - DiskAvailable.Gigabytes:319.7552032470703|#Level:Host|#hostname:ziggy-ThinkPad-T480,timestamp:1679250097
2023-03-19T14:21:37,817 - DiskUsage.Gigabytes:549.0018768310547|#Level:Host|#hostname:ziggy-ThinkPad-T480,timestamp:1679250097
2023-03-19T14:21:37,817 - DiskUtilization.Percent:63.2|#Level:Host|#hostname:ziggy-ThinkPad-T480,timestamp:1679250097
2023-03-19T14:21:37,817 - MemoryAvailable.Megabytes:4019.91015625|#Level:Host|#hostname:ziggy-ThinkPad-T480,timestamp:1679250097
2023-03-19T14:21:37,817 - MemoryUsed.Megabytes:9977.75|#Level:Host|#hostname:ziggy-ThinkPad-T480,timestamp:1679250097
2023-03-19T14:21:37,818 - MemoryUtilization.Percent:74.7|#Level:Host|#hostname:ziggy-ThinkPad-T480,timestamp:1679250097
2023-03-19T14:21:52,479 - Requests2XX.Count:1|#Level:Host|#hostname:ziggy-ThinkPad-T480,timestamp:1679249450
2023-03-19T14:21:52,479 - QueueTime.ms:0|#Level:Host|#hostname:ziggy-ThinkPad-T480,timestamp:1679250112
2023-03-19T14:21:52,479 - WorkerThreadTime.ms:2|#Level:Host|#hostname:ziggy-ThinkPad-T480,timestamp:1679250112
2023-03-19T14:22:37,805 - CPUUtilization.Percent:0.0|#Level:Host|#hostname:ziggy-ThinkPad-T480,timestamp:1679250157
2023-03-19T14:22:37,805 - DiskAvailable.Gigabytes:319.75494384765625|#Level:Host|#hostname:ziggy-ThinkPad-T480,timestamp:1679250157
2023-03-19T14:22:37,805 - DiskUsage.Gigabytes:549.0021362304688|#Level:Host|#hostname:ziggy-ThinkPad-T480,timestamp:1679250157
2023-03-19T14:22:37,805 - DiskUtilization.Percent:63.2|#Level:Host|#hostname:ziggy-ThinkPad-T480,timestamp:1679250157
2023-03-19T14:22:37,805 - MemoryAvailable.Megabytes:6382.78515625|#Level:Host|#hostname:ziggy-ThinkPad-T480,timestamp:1679250157
2023-03-19T14:22:37,805 - MemoryUsed.Megabytes:7634.65625|#Level:Host|#hostname:ziggy-ThinkPad-T480,timestamp:1679250157
2023-03-19T14:22:37,806 - MemoryUtilization.Percent:59.8|#Level:Host|#hostname:ziggy-ThinkPad-T480,timestamp:1679250157
2023-03-19T14:23:37,804 - CPUUtilization.Percent:0.0|#Level:Host|#hostname:ziggy-ThinkPad-T480,timestamp:1679250217
2023-03-19T14:23:37,804 - DiskAvailable.Gigabytes:319.7555046081543|#Level:Host|#hostname:ziggy-ThinkPad-T480,timestamp:1679250217
2023-03-19T14:23:37,805 - DiskUsage.Gigabytes:549.0015754699707|#Level:Host|#hostname:ziggy-ThinkPad-T480,timestamp:1679250217
2023-03-19T14:23:37,805 - DiskUtilization.Percent:63.2|#Level:Host|#hostname:ziggy-ThinkPad-T480,timestamp:1679250217
2023-03-19T14:23:37,805 - MemoryAvailable.Megabytes:6179.9453125|#Level:Host|#hostname:ziggy-ThinkPad-T480,timestamp:1679250217
2023-03-19T14:23:37,805 - MemoryUsed.Megabytes:7836.23046875|#Level:Host|#hostname:ziggy-ThinkPad-T480,timestamp:1679250217
2023-03-19T14:23:37,805 - MemoryUtilization.Percent:61.1|#Level:Host|#hostname:ziggy-ThinkPad-T480,timestamp:1679250217
2023-03-19T14:24:37,810 - CPUUtilization.Percent:0.0|#Level:Host|#hostname:ziggy-ThinkPad-T480,timestamp:1679250277
2023-03-19T14:24:37,810 - DiskAvailable.Gigabytes:319.7518768310547|#Level:Host|#hostname:ziggy-ThinkPad-T480,timestamp:1679250277
2023-03-19T14:24:37,810 - DiskUsage.Gigabytes:549.0052032470703|#Level:Host|#hostname:ziggy-ThinkPad-T480,timestamp:1679250277
2023-03-19T14:24:37,810 - DiskUtilization.Percent:63.2|#Level:Host|#hostname:ziggy-ThinkPad-T480,timestamp:1679250277
2023-03-19T14:24:37,811 - MemoryAvailable.Megabytes:6210.671875|#Level:Host|#hostname:ziggy-ThinkPad-T480,timestamp:1679250277
2023-03-19T14:24:37,811 - MemoryUsed.Megabytes:7798.27734375|#Level:Host|#hostname:ziggy-ThinkPad-T480,timestamp:1679250277
2023-03-19T14:24:37,811 - MemoryUtilization.Percent:60.9|#Level:Host|#hostname:ziggy-ThinkPad-T480,timestamp:1679250277
2023-03-19T14:25:37,819 - CPUUtilization.Percent:0.0|#Level:Host|#hostname:ziggy-ThinkPad-T480,timestamp:1679250337
2023-03-19T14:25:37,819 - DiskAvailable.Gigabytes:319.7486457824707|#Level:Host|#hostname:ziggy-ThinkPad-T480,timestamp:1679250337
2023-03-19T14:25:37,819 - DiskUsage.Gigabytes:549.0084342956543|#Level:Host|#hostname:ziggy-ThinkPad-T480,timestamp:1679250337
2023-03-19T14:25:37,819 - DiskUtilization.Percent:63.2|#Level:Host|#hostname:ziggy-ThinkPad-T480,timestamp:1679250337
2023-03-19T14:25:37,820 - MemoryAvailable.Megabytes:6282.98828125|#Level:Host|#hostname:ziggy-ThinkPad-T480,timestamp:1679250337
2023-03-19T14:25:37,820 - MemoryUsed.Megabytes:7805.5234375|#Level:Host|#hostname:ziggy-ThinkPad-T480,timestamp:1679250337
2023-03-19T14:25:37,820 - MemoryUtilization.Percent:60.4|#Level:Host|#hostname:ziggy-ThinkPad-T480,timestamp:1679250337
2023-03-19T14:26:37,812 - CPUUtilization.Percent:0.0|#Level:Host|#hostname:ziggy-ThinkPad-T480,timestamp:1679250397
2023-03-19T14:26:37,812 - DiskAvailable.Gigabytes:319.7486038208008|#Level:Host|#hostname:ziggy-ThinkPad-T480,timestamp:1679250397
2023-03-19T14:26:37,813 - DiskUsage.Gigabytes:549.0084762573242|#Level:Host|#hostname:ziggy-ThinkPad-T480,timestamp:1679250397
2023-03-19T14:26:37,813 - DiskUtilization.Percent:63.2|#Level:Host|#hostname:ziggy-ThinkPad-T480,timestamp:1679250397
2023-03-19T14:26:37,813 - MemoryAvailable.Megabytes:6210.421875|#Level:Host|#hostname:ziggy-ThinkPad-T480,timestamp:1679250397
2023-03-19T14:26:37,813 - MemoryUsed.Megabytes:7843.328125|#Level:Host|#hostname:ziggy-ThinkPad-T480,timestamp:1679250397
2023-03-19T14:26:37,813 - MemoryUtilization.Percent:60.9|#Level:Host|#hostname:ziggy-ThinkPad-T480,timestamp:1679250397
2023-03-19T14:27:37,802 - CPUUtilization.Percent:0.0|#Level:Host|#hostname:ziggy-ThinkPad-T480,timestamp:1679250457
2023-03-19T14:27:37,802 - DiskAvailable.Gigabytes:319.748592376709|#Level:Host|#hostname:ziggy-ThinkPad-T480,timestamp:1679250457
2023-03-19T14:27:37,802 - DiskUsage.Gigabytes:549.008487701416|#Level:Host|#hostname:ziggy-ThinkPad-T480,timestamp:1679250457
2023-03-19T14:27:37,802 - DiskUtilization.Percent:63.2|#Level:Host|#hostname:ziggy-ThinkPad-T480,timestamp:1679250457
2023-03-19T14:27:37,802 - MemoryAvailable.Megabytes:6237.453125|#Level:Host|#hostname:ziggy-ThinkPad-T480,timestamp:1679250457
2023-03-19T14:27:37,802 - MemoryUsed.Megabytes:7819.046875|#Level:Host|#hostname:ziggy-ThinkPad-T480,timestamp:1679250457
2023-03-19T14:27:37,802 - MemoryUtilization.Percent:60.7|#Level:Host|#hostname:ziggy-ThinkPad-T480,timestamp:1679250457
2023-03-19T14:28:37,803 - CPUUtilization.Percent:0.0|#Level:Host|#hostname:ziggy-ThinkPad-T480,timestamp:1679250517
2023-03-19T14:28:37,804 - DiskAvailable.Gigabytes:319.74446868896484|#Level:Host|#hostname:ziggy-ThinkPad-T480,timestamp:1679250517
2023-03-19T14:28:37,804 - DiskUsage.Gigabytes:549.0126113891602|#Level:Host|#hostname:ziggy-ThinkPad-T480,timestamp:1679250517
2023-03-19T14:28:37,804 - DiskUtilization.Percent:63.2|#Level:Host|#hostname:ziggy-ThinkPad-T480,timestamp:1679250517
2023-03-19T14:28:37,804 - MemoryAvailable.Megabytes:6321.70703125|#Level:Host|#hostname:ziggy-ThinkPad-T480,timestamp:1679250517
2023-03-19T14:28:37,804 - MemoryUsed.Megabytes:7764.86328125|#Level:Host|#hostname:ziggy-ThinkPad-T480,timestamp:1679250517
2023-03-19T14:28:37,804 - MemoryUtilization.Percent:60.2|#Level:Host|#hostname:ziggy-ThinkPad-T480,timestamp:1679250517
2023-03-19T14:29:37,805 - CPUUtilization.Percent:33.3|#Level:Host|#hostname:ziggy-ThinkPad-T480,timestamp:1679250577
2023-03-19T14:29:37,805 - DiskAvailable.Gigabytes:319.74445724487305|#Level:Host|#hostname:ziggy-ThinkPad-T480,timestamp:1679250577
2023-03-19T14:29:37,805 - DiskUsage.Gigabytes:549.012622833252|#Level:Host|#hostname:ziggy-ThinkPad-T480,timestamp:1679250577
2023-03-19T14:29:37,805 - DiskUtilization.Percent:63.2|#Level:Host|#hostname:ziggy-ThinkPad-T480,timestamp:1679250577
2023-03-19T14:29:37,805 - MemoryAvailable.Megabytes:6333.71484375|#Level:Host|#hostname:ziggy-ThinkPad-T480,timestamp:1679250577
2023-03-19T14:29:37,806 - MemoryUsed.Megabytes:7764.48046875|#Level:Host|#hostname:ziggy-ThinkPad-T480,timestamp:1679250577
2023-03-19T14:29:37,806 - MemoryUtilization.Percent:60.1|#Level:Host|#hostname:ziggy-ThinkPad-T480,timestamp:1679250577
2023-03-19T14:30:37,804 - CPUUtilization.Percent:0.0|#Level:Host|#hostname:ziggy-ThinkPad-T480,timestamp:1679250637
2023-03-19T14:30:37,804 - DiskAvailable.Gigabytes:319.74444580078125|#Level:Host|#hostname:ziggy-ThinkPad-T480,timestamp:1679250637
2023-03-19T14:30:37,804 - DiskUsage.Gigabytes:549.0126342773438|#Level:Host|#hostname:ziggy-ThinkPad-T480,timestamp:1679250637
2023-03-19T14:30:37,804 - DiskUtilization.Percent:63.2|#Level:Host|#hostname:ziggy-ThinkPad-T480,timestamp:1679250637
2023-03-19T14:30:37,804 - MemoryAvailable.Megabytes:6206.73828125|#Level:Host|#hostname:ziggy-ThinkPad-T480,timestamp:1679250637
2023-03-19T14:30:37,804 - MemoryUsed.Megabytes:7767.53125|#Level:Host|#hostname:ziggy-ThinkPad-T480,timestamp:1679250637
2023-03-19T21:54:59,467 - MemoryUtilization.Percent:60.9|#Level:Host|#hostname:ziggy-ThinkPad-T480,timestamp:1679250637
2023-03-19T21:54:59,467 - Requests4XX.Count:1|#Level:Host|#hostname:ziggy-ThinkPad-T480,timestamp:1679249450
2023-03-19T21:54:59,468 - Requests4XX.Count:1|#Level:Host|#hostname:ziggy-ThinkPad-T480,timestamp:1679249450
2023-03-19T21:54:59,468 - Requests4XX.Count:1|#Level:Host|#hostname:ziggy-ThinkPad-T480,timestamp:1679249450
2023-03-19T21:54:59,482 - Requests4XX.Count:1|#Level:Host|#hostname:ziggy-ThinkPad-T480,timestamp:1679249450
2023-03-19T21:54:59,483 - Requests4XX.Count:1|#Level:Host|#hostname:ziggy-ThinkPad-T480,timestamp:1679249450
2023-03-19T21:54:59,483 - Requests4XX.Count:1|#Level:Host|#hostname:ziggy-ThinkPad-T480,timestamp:1679249450
2023-03-19T21:54:59,483 - Requests4XX.Count:1|#Level:Host|#hostname:ziggy-ThinkPad-T480,timestamp:1679249450
2023-03-19T21:54:59,484 - Requests4XX.Count:1|#Level:Host|#hostname:ziggy-ThinkPad-T480,timestamp:1679249450
2023-03-19T21:54:59,484 - Requests4XX.Count:1|#Level:Host|#hostname:ziggy-ThinkPad-T480,timestamp:1679249450
2023-03-19T21:54:59,485 - Requests4XX.Count:1|#Level:Host|#hostname:ziggy-ThinkPad-T480,timestamp:1679249450
2023-03-19T21:54:59,485 - Requests4XX.Count:1|#Level:Host|#hostname:ziggy-ThinkPad-T480,timestamp:1679249450
2023-03-19T21:54:59,486 - Requests4XX.Count:1|#Level:Host|#hostname:ziggy-ThinkPad-T480,timestamp:1679249450
2023-03-19T21:54:59,487 - Requests4XX.Count:1|#Level:Host|#hostname:ziggy-ThinkPad-T480,timestamp:1679249450
2023-03-19T21:54:59,487 - Requests4XX.Count:1|#Level:Host|#hostname:ziggy-ThinkPad-T480,timestamp:1679249450
2023-03-19T21:54:59,488 - Requests4XX.Count:1|#Level:Host|#hostname:ziggy-ThinkPad-T480,timestamp:1679249450
2023-03-19T21:54:59,491 - Requests4XX.Count:1|#Level:Host|#hostname:ziggy-ThinkPad-T480,timestamp:1679249450
2023-03-19T21:54:59,542 - Requests4XX.Count:1|#Level:Host|#hostname:ziggy-ThinkPad-T480,timestamp:1679249450
2023-03-19T21:54:59,544 - Requests4XX.Count:1|#Level:Host|#hostname:ziggy-ThinkPad-T480,timestamp:1679249450
2023-03-19T21:54:59,545 - Requests4XX.Count:1|#Level:Host|#hostname:ziggy-ThinkPad-T480,timestamp:1679249450
2023-03-19T21:54:59,547 - Requests4XX.Count:1|#Level:Host|#hostname:ziggy-ThinkPad-T480,timestamp:1679249450
2023-03-19T21:54:59,551 - Requests4XX.Count:1|#Level:Host|#hostname:ziggy-ThinkPad-T480,timestamp:1679249450
2023-03-19T21:54:59,571 - Requests4XX.Count:1|#Level:Host|#hostname:ziggy-ThinkPad-T480,timestamp:1679249450
2023-03-19T21:54:59,572 - Requests4XX.Count:1|#Level:Host|#hostname:ziggy-ThinkPad-T480,timestamp:1679249450
2023-03-19T21:54:59,572 - Requests4XX.Count:1|#Level:Host|#hostname:ziggy-ThinkPad-T480,timestamp:1679249450
2023-03-19T21:54:59,573 - Requests4XX.Count:1|#Level:Host|#hostname:ziggy-ThinkPad-T480,timestamp:1679249450
2023-03-19T21:54:59,573 - Requests4XX.Count:1|#Level:Host|#hostname:ziggy-ThinkPad-T480,timestamp:1679249450
2023-03-19T21:54:59,574 - Requests4XX.Count:1|#Level:Host|#hostname:ziggy-ThinkPad-T480,timestamp:1679249450
2023-03-19T21:54:59,575 - Requests4XX.Count:1|#Level:Host|#hostname:ziggy-ThinkPad-T480,timestamp:1679249450
2023-03-19T21:54:59,576 - Requests4XX.Count:1|#Level:Host|#hostname:ziggy-ThinkPad-T480,timestamp:1679249450
2023-03-19T21:54:59,577 - Requests4XX.Count:1|#Level:Host|#hostname:ziggy-ThinkPad-T480,timestamp:1679249450
2023-03-19T21:54:59,579 - Requests4XX.Count:1|#Level:Host|#hostname:ziggy-ThinkPad-T480,timestamp:1679249450
2023-03-19T21:54:59,579 - Requests4XX.Count:1|#Level:Host|#hostname:ziggy-ThinkPad-T480,timestamp:1679249450
2023-03-19T21:54:59,581 - Requests4XX.Count:1|#Level:Host|#hostname:ziggy-ThinkPad-T480,timestamp:1679249450
2023-03-19T21:54:59,581 - Requests4XX.Count:1|#Level:Host|#hostname:ziggy-ThinkPad-T480,timestamp:1679249450
2023-03-19T21:54:59,582 - Requests4XX.Count:1|#Level:Host|#hostname:ziggy-ThinkPad-T480,timestamp:1679249450
2023-03-19T21:54:59,584 - Requests4XX.Count:1|#Level:Host|#hostname:ziggy-ThinkPad-T480,timestamp:1679249450
2023-03-19T21:54:59,588 - Requests4XX.Count:1|#Level:Host|#hostname:ziggy-ThinkPad-T480,timestamp:1679249450
2023-03-19T21:54:59,589 - Requests4XX.Count:1|#Level:Host|#hostname:ziggy-ThinkPad-T480,timestamp:1679249450
2023-03-19T21:54:59,589 - Requests4XX.Count:1|#Level:Host|#hostname:ziggy-ThinkPad-T480,timestamp:1679249450
2023-03-19T21:54:59,590 - Requests4XX.Count:1|#Level:Host|#hostname:ziggy-ThinkPad-T480,timestamp:1679249450
2023-03-19T21:54:59,590 - Requests4XX.Count:1|#Level:Host|#hostname:ziggy-ThinkPad-T480,timestamp:1679249450
2023-03-19T21:54:59,592 - Requests4XX.Count:1|#Level:Host|#hostname:ziggy-ThinkPad-T480,timestamp:1679249450
2023-03-19T21:54:59,594 - Requests4XX.Count:1|#Level:Host|#hostname:ziggy-ThinkPad-T480,timestamp:1679249450
